/home/pps-nipa/anaconda3/envs/rvc/lib/python3.10/site-packages/librosa/util/files.py:10: UserWarning: pkg_resources is deprecated as an API. See https://setuptools.pypa.io/en/latest/pkg_resources.html. The pkg_resources package is slated for removal as early as 2025-11-30. Refrain from using this package or pin to Setuptools<81.
  from pkg_resources import resource_filename
INFO:     Started server process [2318688]
INFO:     Waiting for application startup.
2026-04-23 09:17:07 | INFO | rvc-api | Trainer initialized
2026-04-23 09:17:07 | INFO | rvc-api | No trained models found, skipping engine load (train first)
INFO:     Application startup complete.
INFO:     Uvicorn running on http://0.0.0.0:4998 (Press CTRL+C to quit)
INFO:     220.117.27.215:35749 - "POST /train HTTP/1.1" 200 OK
2026-04-23 10:01:31 | INFO | rvc-trainer | Running: /home/pps-nipa/anaconda3/envs/rvc/bin/python infer/modules/train/preprocess.py /home/pps-nipa/NIQ/fish/side/idol/Retrieval-based-Voice-Conversion-WebUI/data/ 48000 4 /home/pps-nipa/NIQ/fish/side/idol/Retrieval-based-Voice-Conversion-WebUI/logs/composureMAN True 3.7
INFO:     220.117.27.215:60503 - "GET /train HTTP/1.1" 200 OK
2026-04-23 10:12:22 | INFO | rvc-trainer | Running: /home/pps-nipa/anaconda3/envs/rvc/bin/python infer/modules/train/extract/extract_f0_print.py /home/pps-nipa/NIQ/fish/side/idol/Retrieval-based-Voice-Conversion-WebUI/logs/composureMAN 4 rmvpe
INFO:     220.117.27.215:46183 - "GET /train HTTP/1.1" 200 OK
INFO:     220.117.27.215:7459 - "GET /train HTTP/1.1" 200 OK
INFO:     220.117.27.215:7459 - "GET /train HTTP/1.1" 200 OK
INFO:     220.117.27.215:7459 - "GET /train HTTP/1.1" 200 OK
2026-04-23 22:16:05 | INFO | rvc-trainer | Running: /home/pps-nipa/anaconda3/envs/rvc/bin/python infer/modules/train/extract_feature_print.py cuda:0 1 0 0 /home/pps-nipa/NIQ/fish/side/idol/Retrieval-based-Voice-Conversion-WebUI/logs/composureMAN v2 False
2026-04-23 22:19:08 | INFO | rvc-trainer | Filelist written: 5400 entries
2026-04-23 22:19:08 | INFO | rvc-trainer | Running: /home/pps-nipa/anaconda3/envs/rvc/bin/python infer/modules/train/train.py -e composureMAN -sr 48k -f0 1 -bs 8 -te 200 -se 20 -pg assets/pretrained_v2/f0G48k.pth -pd assets/pretrained_v2/f0D48k.pth -l 0 -c 0 -sw 1 -v v2 -g 0
2026-04-23 22:19:10 | ERROR | rvc-trainer | Training failed for job d3449f1f
Traceback (most recent call last):
  File "/home/pps-nipa/NIQ/fish/side/idol/infer/trainer.py", line 159, in _run_pipeline
    self._train(
  File "/home/pps-nipa/NIQ/fish/side/idol/infer/trainer.py", line 249, in _train
    self._run_cmd(job, cmd)
  File "/home/pps-nipa/NIQ/fish/side/idol/infer/trainer.py", line 374, in _run_cmd
    raise RuntimeError(f"Command failed (exit {proc.returncode}): {cmd[1]}")
RuntimeError: Command failed (exit 1): infer/modules/train/train.py
INFO:     220.117.27.215:1701 - "GET /train HTTP/1.1" 200 OK
INFO:     220.117.27.215:27694 - "GET /train HTTP/1.1" 200 OK
INFO:     220.117.27.215:27694 - "GET /train HTTP/1.1" 200 OK
INFO:     220.117.27.215:27694 - "GET /train HTTP/1.1" 200 OK
INFO:     220.117.27.215:27694 - "GET /train HTTP/1.1" 200 OK
INFO:     127.0.0.1:38076 - "GET /health HTTP/1.1" 200 OK
INFO:     127.0.0.1:38086 - "GET /health HTTP/1.1" 200 OK
INFO:     127.0.0.1:43562 - "GET /health HTTP/1.1" 200 OK
INFO:     Shutting down
INFO:     Waiting for application shutdown.
2026-04-24 12:46:01 | INFO | rvc-api | Shutting down
INFO:     Application shutdown complete.
INFO:     Finished server process [2318688]
/home/pps-nipa/anaconda3/envs/rvc/lib/python3.10/site-packages/librosa/util/files.py:10: UserWarning: pkg_resources is deprecated as an API. See https://setuptools.pypa.io/en/latest/pkg_resources.html. The pkg_resources package is slated for removal as early as 2025-11-30. Refrain from using this package or pin to Setuptools<81.
  from pkg_resources import resource_filename
INFO:     Started server process [4159662]
INFO:     Waiting for application startup.
2026-04-24 12:46:07 | INFO | rvc-api | Trainer initialized
2026-04-24 12:46:07 | INFO | rvc-api | No trained models found, skipping engine load (train first)
INFO:     Application startup complete.
INFO:     Uvicorn running on http://0.0.0.0:4998 (Press CTRL+C to quit)
INFO:     220.117.27.215:51101 - "POST /train HTTP/1.1" 200 OK
2026-04-24 12:46:14 | INFO | rvc-trainer | Running: /home/pps-nipa/anaconda3/envs/rvc/bin/python infer/modules/train/preprocess.py /home/pps-nipa/NIQ/fish/side/idol/Retrieval-based-Voice-Conversion-WebUI/data/ 48000 4 /home/pps-nipa/NIQ/fish/side/idol/Retrieval-based-Voice-Conversion-WebUI/logs/composureMAN True 3.7
2026-04-24 12:55:19 | INFO | rvc-trainer | Running: /home/pps-nipa/anaconda3/envs/rvc/bin/python infer/modules/train/extract/extract_f0_print.py /home/pps-nipa/NIQ/fish/side/idol/Retrieval-based-Voice-Conversion-WebUI/logs/composureMAN 4 rmvpe
2026-04-24 12:55:20 | INFO | rvc-trainer | Running: /home/pps-nipa/anaconda3/envs/rvc/bin/python infer/modules/train/extract_feature_print.py cuda:0 1 0 0 /home/pps-nipa/NIQ/fish/side/idol/Retrieval-based-Voice-Conversion-WebUI/logs/composureMAN v2 False
2026-04-24 12:55:31 | INFO | rvc-trainer | Filelist written: 5400 entries
2026-04-24 12:55:31 | INFO | rvc-trainer | Config written: /home/pps-nipa/NIQ/fish/side/idol/Retrieval-based-Voice-Conversion-WebUI/logs/composureMAN/config.json
2026-04-24 12:55:31 | INFO | rvc-trainer | Running: /home/pps-nipa/anaconda3/envs/rvc/bin/python infer/modules/train/train.py -e composureMAN -sr 48k -f0 1 -bs 8 -te 200 -se 20 -pg assets/pretrained_v2/f0G48k.pth -pd assets/pretrained_v2/f0D48k.pth -l 0 -c 0 -sw 1 -v v2 -g 0
Init 1/3 with method random
Inertia for init 1/3: 3194309.25
Init 2/3 with method random
Inertia for init 2/3: 3191663.5
Init 3/3 with method random
Inertia for init 3/3: 3197061.25
[MiniBatchKMeans] Reassigning 2332 cluster centers.
Minibatch step 1/4040: mean batch inertia: 43.132893880208336
Minibatch step 2/4040: mean batch inertia: 33.948168436686196, ewa inertia: 33.948168436686196
Minibatch step 3/4040: mean batch inertia: 31.99384307861328, ewa inertia: 33.85144114784761
Minibatch step 4/4040: mean batch inertia: 31.12805938720703, ewa inertia: 33.71665021700743
Minibatch step 5/4040: mean batch inertia: 30.515909830729168, ewa inertia: 33.55823292043909
[MiniBatchKMeans] Reassigning 2332 cluster centers.
Minibatch step 6/4040: mean batch inertia: 30.15538787841797, ewa inertia: 33.389812665391545
Minibatch step 7/4040: mean batch inertia: 29.924331665039062, ewa inertia: 33.21829230912075
Minibatch step 8/4040: mean batch inertia: 29.832232157389324, ewa inertia: 33.0507028046565
Minibatch step 9/4040: mean batch inertia: 29.542569478352863, ewa inertia: 32.877071416138755
Minibatch step 10/4040: mean batch inertia: 29.363082885742188, ewa inertia: 32.703150230420576
[MiniBatchKMeans] Reassigning 1992 cluster centers.
Minibatch step 11/4040: mean batch inertia: 29.332351684570312, ewa inertia: 32.5363160831716
Minibatch step 12/4040: mean batch inertia: 29.162058512369793, ewa inertia: 32.369310735101735
Minibatch step 13/4040: mean batch inertia: 29.049039204915363, ewa inertia: 32.204977369627954
Minibatch step 14/4040: mean batch inertia: 29.018109639485676, ewa inertia: 32.04724668566047
Minibatch step 15/4040: mean batch inertia: 28.891438802083332, ewa inertia: 31.891053276301626
[MiniBatchKMeans] Reassigning 1798 cluster centers.
Minibatch step 16/4040: mean batch inertia: 28.80695343017578, ewa inertia: 31.7384089812302
Minibatch step 17/4040: mean batch inertia: 28.914825439453125, ewa inertia: 31.59865866807116
Minibatch step 18/4040: mean batch inertia: 28.789944966634113, ewa inertia: 31.459644322101823
Minibatch step 19/4040: mean batch inertia: 28.570833841959637, ewa inertia: 31.316665669873633
Minibatch step 20/4040: mean batch inertia: 28.636871337890625, ewa inertia: 31.18403205321048
[MiniBatchKMeans] Reassigning 1625 cluster centers.
Minibatch step 21/4040: mean batch inertia: 28.628267923990887, ewa inertia: 31.057537181663562
Minibatch step 22/4040: mean batch inertia: 28.5082524617513, ewa inertia: 30.931363001701076
Minibatch step 23/4040: mean batch inertia: 28.476224263509113, ewa inertia: 30.80984847860137
Minibatch step 24/4040: mean batch inertia: 28.48071034749349, ewa inertia: 30.694570223718166
Minibatch step 25/4040: mean batch inertia: 28.359710693359375, ewa inertia: 30.57900879416519
Minibatch step 26/4040: mean batch inertia: 28.401438395182293, ewa inertia: 30.471232225602183
Minibatch step 27/4040: mean batch inertia: 28.501322428385418, ewa inertia: 30.37373360125376
Minibatch step 28/4040: mean batch inertia: 28.333346048990887, ewa inertia: 30.27274675415835
Minibatch step 29/4040: mean batch inertia: 28.2777582804362, ewa inertia: 30.174006886955453
Minibatch step 30/4040: mean batch inertia: 28.279879252115887, ewa inertia: 30.080259021445006
[MiniBatchKMeans] Reassigning 1017 cluster centers.
Minibatch step 31/4040: mean batch inertia: 28.265103658040363, ewa inertia: 29.99041980588262
Minibatch step 32/4040: mean batch inertia: 28.071815490722656, ewa inertia: 29.895460492689022
Minibatch step 33/4040: mean batch inertia: 28.185292561848957, ewa inertia: 29.81081752025583
Minibatch step 34/4040: mean batch inertia: 28.230616251627605, ewa inertia: 29.732607111788116
Minibatch step 35/4040: mean batch inertia: 28.2490971883138, ewa inertia: 29.65918234028318
[MiniBatchKMeans] Reassigning 1132 cluster centers.
Minibatch step 36/4040: mean batch inertia: 28.292378743489582, ewa inertia: 29.591533826310545
Minibatch step 37/4040: mean batch inertia: 28.13469950358073, ewa inertia: 29.519429335754477
Minibatch step 38/4040: mean batch inertia: 28.003590901692707, ewa inertia: 29.444404498442488
Minibatch step 39/4040: mean batch inertia: 28.161176045735676, ewa inertia: 29.38089244878395
Minibatch step 40/4040: mean batch inertia: 28.090360005696613, ewa inertia: 29.317018895763503
[MiniBatchKMeans] Reassigning 1163 cluster centers.
Minibatch step 41/4040: mean batch inertia: 27.94128672281901, ewa inertia: 29.248928471256015
Minibatch step 42/4040: mean batch inertia: 27.87904103597005, ewa inertia: 29.18112732592374
Minibatch step 43/4040: mean batch inertia: 28.021581013997395, ewa inertia: 29.123736794417763
Minibatch step 44/4040: mean batch inertia: 27.93719228108724, ewa inertia: 29.065010015180796
Minibatch step 45/4040: mean batch inertia: 27.879959106445312, ewa inertia: 29.006357160340542
[MiniBatchKMeans] Reassigning 1147 cluster centers.
Minibatch step 46/4040: mean batch inertia: 27.946502685546875, ewa inertia: 28.9539007720085
Minibatch step 47/4040: mean batch inertia: 27.819285074869793, ewa inertia: 28.897744155197188
Minibatch step 48/4040: mean batch inertia: 27.985117594401043, ewa inertia: 28.852574658427756
Minibatch step 49/4040: mean batch inertia: 28.030726114908855, ewa inertia: 28.81189812464481
Minibatch step 50/4040: mean batch inertia: 27.96088155110677, ewa inertia: 28.76977794973381
Minibatch step 51/4040: mean batch inertia: 27.90931447347005, ewa inertia: 28.727190210256445
Minibatch step 52/4040: mean batch inertia: 27.960477193196613, ewa inertia: 28.68924255166874
Minibatch step 53/4040: mean batch inertia: 27.81653340657552, ewa inertia: 28.646048725624983
Minibatch step 54/4040: mean batch inertia: 27.85492451985677, ewa inertia: 28.60689286079294
Minibatch step 55/4040: mean batch inertia: 27.996620178222656, ewa inertia: 28.576688052881387
[MiniBatchKMeans] Reassigning 742 cluster centers.
Minibatch step 56/4040: mean batch inertia: 27.883555094401043, ewa inertia: 28.542382162308193
Minibatch step 57/4040: mean batch inertia: 27.837056477864582, ewa inertia: 28.507472805520376
Minibatch step 58/4040: mean batch inertia: 27.883384704589844, ewa inertia: 28.476584217931787
Minibatch step 59/4040: mean batch inertia: 27.937037150065105, ewa inertia: 28.449879900321637
Minibatch step 60/4040: mean batch inertia: 27.891507466634113, ewa inertia: 28.42224384092667
[MiniBatchKMeans] Reassigning 867 cluster centers.
Minibatch step 61/4040: mean batch inertia: 27.71106719970703, ewa inertia: 28.387044897154922
Minibatch step 62/4040: mean batch inertia: 27.85338592529297, ewa inertia: 28.360632004695965
Minibatch step 63/4040: mean batch inertia: 27.750823974609375, ewa inertia: 28.330450194272935
Minibatch step 64/4040: mean batch inertia: 27.775009155273438, ewa inertia: 28.30295922119101
Minibatch step 65/4040: mean batch inertia: 27.8629633585612, ewa inertia: 28.28118208632625
[MiniBatchKMeans] Reassigning 867 cluster centers.
Minibatch step 66/4040: mean batch inertia: 27.819119771321613, ewa inertia: 28.25831279548875
Minibatch step 67/4040: mean batch inertia: 27.693562825520832, ewa inertia: 28.23036108660823
Minibatch step 68/4040: mean batch inertia: 27.727890014648438, ewa inertia: 28.20549180662385
Minibatch step 69/4040: mean batch inertia: 27.680709838867188, ewa inertia: 28.17951827219531
Minibatch step 70/4040: mean batch inertia: 27.788981119791668, ewa inertia: 28.160189044445843
Minibatch step 71/4040: mean batch inertia: 27.855923970540363, ewa inertia: 28.14512976295744
Minibatch step 72/4040: mean batch inertia: 27.69220479329427, ewa inertia: 28.122712715467447
Minibatch step 73/4040: mean batch inertia: 27.753512064615887, ewa inertia: 28.104439515538484
Minibatch step 74/4040: mean batch inertia: 27.710172017415363, ewa inertia: 28.0849256582306
Minibatch step 75/4040: mean batch inertia: 27.688133239746094, ewa inertia: 28.065286832631184
[MiniBatchKMeans] Reassigning 609 cluster centers.
Minibatch step 76/4040: mean batch inertia: 27.631744384765625, ewa inertia: 28.04382910277814
Minibatch step 77/4040: mean batch inertia: 27.75487518310547, ewa inertia: 28.029527630848833
Minibatch step 78/4040: mean batch inertia: 27.726394653320312, ewa inertia: 28.014524381286122
Minibatch step 79/4040: mean batch inertia: 27.6591059366862, ewa inertia: 27.996933317235623
Minibatch step 80/4040: mean batch inertia: 27.639801025390625, ewa inertia: 27.97925742810888
[MiniBatchKMeans] Reassigning 733 cluster centers.
Minibatch step 81/4040: mean batch inertia: 27.63915761311849, ewa inertia: 27.962424543603426
Minibatch step 82/4040: mean batch inertia: 27.745218912760418, ewa inertia: 27.95167417816139
Minibatch step 83/4040: mean batch inertia: 27.75182596842448, ewa inertia: 27.94178290011639
Minibatch step 84/4040: mean batch inertia: 27.679219563802082, ewa inertia: 27.928787602498627
Minibatch step 85/4040: mean batch inertia: 27.623448689778645, ewa inertia: 27.91367517248163
[MiniBatchKMeans] Reassigning 752 cluster centers.
Minibatch step 86/4040: mean batch inertia: 27.5736821492513, ewa inertia: 27.896847573522603
Minibatch step 87/4040: mean batch inertia: 27.763140360514324, ewa inertia: 27.8902298749091
Minibatch step 88/4040: mean batch inertia: 27.576416015625, ewa inertia: 27.874697986279024
Minibatch step 89/4040: mean batch inertia: 27.586687723795574, ewa inertia: 27.86044321967497
Minibatch step 90/4040: mean batch inertia: 27.568214416503906, ewa inertia: 27.84597966081333
[MiniBatchKMeans] Reassigning 739 cluster centers.
Minibatch step 91/4040: mean batch inertia: 27.719467163085938, ewa inertia: 27.839718057105014
Minibatch step 92/4040: mean batch inertia: 27.669108072916668, ewa inertia: 27.831273894442354
Minibatch step 93/4040: mean batch inertia: 27.639984130859375, ewa inertia: 27.821806207735268
Minibatch step 94/4040: mean batch inertia: 27.616437276204426, ewa inertia: 27.81164168734126
Minibatch step 95/4040: mean batch inertia: 27.703587849934895, ewa inertia: 27.806293675712723
Minibatch step 96/4040: mean batch inertia: 27.624295552571613, ewa inertia: 27.797285869027704
Minibatch step 97/4040: mean batch inertia: 27.577616373697918, ewa inertia: 27.786413557190773
Minibatch step 98/4040: mean batch inertia: 27.633534749348957, ewa inertia: 27.77884698054972
Minibatch step 99/4040: mean batch inertia: 27.631825764973957, ewa inertia: 27.77157031930923
Minibatch step 100/4040: mean batch inertia: 27.564598083496094, ewa inertia: 27.761326445047267
[MiniBatchKMeans] Reassigning 554 cluster centers.
Minibatch step 101/4040: mean batch inertia: 27.507883707682293, ewa inertia: 27.748782561931858
Minibatch step 102/4040: mean batch inertia: 27.675252278645832, ewa inertia: 27.745143257493417
Minibatch step 103/4040: mean batch inertia: 27.36395517985026, ewa inertia: 27.726276752417533
Minibatch step 104/4040: mean batch inertia: 27.502835591634113, ewa inertia: 27.71521776594517
Minibatch step 105/4040: mean batch inertia: 27.476834615071613, ewa inertia: 27.703419241306708
[MiniBatchKMeans] Reassigning 629 cluster centers.
Minibatch step 106/4040: mean batch inertia: 27.553860982259113, ewa inertia: 27.696017011754023
Minibatch step 107/4040: mean batch inertia: 27.497278849283855, ewa inertia: 27.686180674337077
Minibatch step 108/4040: mean batch inertia: 27.548970540364582, ewa inertia: 27.679389602315464
Minibatch step 109/4040: mean batch inertia: 27.441200256347656, ewa inertia: 27.66760066984804
Minibatch step 110/4040: mean batch inertia: 27.544400533040363, ewa inertia: 27.661503007977807
Minibatch step 111/4040: mean batch inertia: 27.42523956298828, ewa inertia: 27.649809395964283
Minibatch step 112/4040: mean batch inertia: 27.426294962565105, ewa inertia: 27.638746782940466
Minibatch step 113/4040: mean batch inertia: 27.555864969889324, ewa inertia: 27.634644634320562
Minibatch step 114/4040: mean batch inertia: 27.458541870117188, ewa inertia: 27.625928612258008
Minibatch step 115/4040: mean batch inertia: 27.3009770711263, ewa inertia: 27.60984547571795
[MiniBatchKMeans] Reassigning 468 cluster centers.
Minibatch step 116/4040: mean batch inertia: 27.528597513834637, ewa inertia: 27.60582419285214
Minibatch step 117/4040: mean batch inertia: 27.440462748209637, ewa inertia: 27.59763980116289
Minibatch step 118/4040: mean batch inertia: 27.30152638753255, ewa inertia: 27.582983977570937
Minibatch step 119/4040: mean batch inertia: 27.43194325764974, ewa inertia: 27.575508375168372
Minibatch step 120/4040: mean batch inertia: 27.54192352294922, ewa inertia: 27.573846128046732
[MiniBatchKMeans] Reassigning 571 cluster centers.
Minibatch step 121/4040: mean batch inertia: 27.455495198567707, ewa inertia: 27.567988472619636
Minibatch step 122/4040: mean batch inertia: 27.576128641764324, ewa inertia: 27.568391361774605
Minibatch step 123/4040: mean batch inertia: 27.52344258626302, ewa inertia: 27.56616666915938
Minibatch step 124/4040: mean batch inertia: 27.431294759114582, ewa inertia: 27.559491325084647
Minibatch step 125/4040: mean batch inertia: 27.48939259847005, ewa inertia: 27.55602186195331
Minibatch step 126/4040: mean batch inertia: 27.455520629882812, ewa inertia: 27.55104765862378
Minibatch step 127/4040: mean batch inertia: 27.360448201497395, ewa inertia: 27.54161413791251
Minibatch step 128/4040: mean batch inertia: 27.3950932820638, ewa inertia: 27.5343622414532
Minibatch step 129/4040: mean batch inertia: 27.420550028483074, ewa inertia: 27.528729225050967
Minibatch step 130/4040: mean batch inertia: 27.566006978352863, ewa inertia: 27.530574248447913
[MiniBatchKMeans] Reassigning 437 cluster centers.
Minibatch step 131/4040: mean batch inertia: 27.401512145996094, ewa inertia: 27.52418645472134
Minibatch step 132/4040: mean batch inertia: 27.43377176920573, ewa inertia: 27.519711474460255
Minibatch step 133/4040: mean batch inertia: 27.44005839029948, ewa inertia: 27.51576912839865
Minibatch step 134/4040: mean batch inertia: 27.448341369628906, ewa inertia: 27.512431862026233
Minibatch step 135/4040: mean batch inertia: 27.32221221923828, ewa inertia: 27.503017139828252
[MiniBatchKMeans] Reassigning 500 cluster centers.
Minibatch step 136/4040: mean batch inertia: 27.342859903971355, ewa inertia: 27.49509032500782
Minibatch step 137/4040: mean batch inertia: 27.365033467610676, ewa inertia: 27.488653296926017
Minibatch step 138/4040: mean batch inertia: 27.429115295410156, ewa inertia: 27.485706525834036
Minibatch step 139/4040: mean batch inertia: 27.48192850748698, ewa inertia: 27.485519536768788
Minibatch step 140/4040: mean batch inertia: 27.473846435546875, ewa inertia: 27.484941788837066
[MiniBatchKMeans] Reassigning 529 cluster centers.
Minibatch step 141/4040: mean batch inertia: 27.35687764485677, ewa inertia: 27.478603388020908
Minibatch step 142/4040: mean batch inertia: 27.43359629313151, ewa inertia: 27.476375808949097
Minibatch step 143/4040: mean batch inertia: 27.574086507161457, ewa inertia: 27.481211897724982
Minibatch step 144/4040: mean batch inertia: 27.378206888834637, ewa inertia: 27.47611377258139
Minibatch step 145/4040: mean batch inertia: 27.491177876790363, ewa inertia: 27.47685935465804
Minibatch step 146/4040: mean batch inertia: 27.34869384765625, ewa inertia: 27.470515936985187
Minibatch step 147/4040: mean batch inertia: 27.48492685953776, ewa inertia: 27.471229190519157
Minibatch step 148/4040: mean batch inertia: 27.407310485839844, ewa inertia: 27.468065601107515
Minibatch step 149/4040: mean batch inertia: 27.37726593017578, ewa inertia: 27.463571566396055
Minibatch step 150/4040: mean batch inertia: 27.464192708333332, ewa inertia: 27.463602309166358
[MiniBatchKMeans] Reassigning 388 cluster centers.
Minibatch step 151/4040: mean batch inertia: 27.469871520996094, ewa inertia: 27.46391259724656
Minibatch step 152/4040: mean batch inertia: 27.339581807454426, ewa inertia: 27.457758974889835
Minibatch step 153/4040: mean batch inertia: 27.389010111490887, ewa inertia: 27.45435632182603
Minibatch step 154/4040: mean batch inertia: 27.409744262695312, ewa inertia: 27.45214829463578
Minibatch step 155/4040: mean batch inertia: 27.35975392659505, ewa inertia: 27.447575332059404
[MiniBatchKMeans] Reassigning 482 cluster centers.
Minibatch step 156/4040: mean batch inertia: 27.34376271565755, ewa inertia: 27.442437235227008
Minibatch step 157/4040: mean batch inertia: 27.427261352539062, ewa inertia: 27.441686120791495
Minibatch step 158/4040: mean batch inertia: 27.32105000813802, ewa inertia: 27.435715362614104
Minibatch step 159/4040: mean batch inertia: 27.21379852294922, ewa inertia: 27.424731820820647
Minibatch step 160/4040: mean batch inertia: 27.43170420328776, ewa inertia: 27.425076911595838
Minibatch step 161/4040: mean batch inertia: 27.37476857503255, ewa inertia: 27.422586953113928
Minibatch step 162/4040: mean batch inertia: 27.356689453125, ewa inertia: 27.4193254252988
Minibatch step 163/4040: mean batch inertia: 27.39392598470052, ewa inertia: 27.418068306561157
Minibatch step 164/4040: mean batch inertia: 27.359962463378906, ewa inertia: 27.415192418647468
Minibatch step 165/4040: mean batch inertia: 27.430628458658855, ewa inertia: 27.415956409297507
[MiniBatchKMeans] Reassigning 347 cluster centers.
Minibatch step 166/4040: mean batch inertia: 27.316749572753906, ewa inertia: 27.411046270720288
Minibatch step 167/4040: mean batch inertia: 27.40186055501302, ewa inertia: 27.41059163333213
Minibatch step 168/4040: mean batch inertia: 27.235819498697918, ewa inertia: 27.4019414693879
Minibatch step 169/4040: mean batch inertia: 27.41210174560547, ewa inertia: 27.40244434162886
Minibatch step 170/4040: mean batch inertia: 27.376658121744793, ewa inertia: 27.401168079655143
[MiniBatchKMeans] Reassigning 439 cluster centers.
Minibatch step 171/4040: mean batch inertia: 27.43512471516927, ewa inertia: 27.40284872780198
Minibatch step 172/4040: mean batch inertia: 27.295084635416668, ewa inertia: 27.397515056800106
Minibatch step 173/4040: mean batch inertia: 27.387919108072918, ewa inertia: 27.397040115357843
Minibatch step 174/4040: mean batch inertia: 27.302261352539062, ewa inertia: 27.392349139656652
Minibatch step 175/4040: mean batch inertia: 27.216814676920574, ewa inertia: 27.38366124508062
[MiniBatchKMeans] Reassigning 453 cluster centers.
Minibatch step 176/4040: mean batch inertia: 27.36700439453125, ewa inertia: 27.382836831690305
Minibatch step 177/4040: mean batch inertia: 27.43114471435547, ewa inertia: 27.385227779799553
Minibatch step 178/4040: mean batch inertia: 27.39697774251302, ewa inertia: 27.38580933191038
Minibatch step 179/4040: mean batch inertia: 27.17626953125, ewa inertia: 27.37543837871268
Minibatch step 180/4040: mean batch inertia: 27.297279357910156, ewa inertia: 27.371569979753787
Minibatch step 181/4040: mean batch inertia: 27.306785583496094, ewa inertia: 27.368363543843223
Minibatch step 182/4040: mean batch inertia: 27.461888631184895, ewa inertia: 27.37299247018836
Minibatch step 183/4040: mean batch inertia: 27.42895762125651, ewa inertia: 27.375762406785615
Minibatch step 184/4040: mean batch inertia: 27.350120544433594, ewa inertia: 27.374493289636906
Minibatch step 185/4040: mean batch inertia: 27.340489705403645, ewa inertia: 27.372810317812338
[MiniBatchKMeans] Reassigning 328 cluster centers.
Minibatch step 186/4040: mean batch inertia: 27.430252075195312, ewa inertia: 27.375653337494207
Minibatch step 187/4040: mean batch inertia: 27.407857259114582, ewa inertia: 27.377247236900693
Minibatch step 188/4040: mean batch inertia: 27.323216756184895, ewa inertia: 27.374573054788335
Minibatch step 189/4040: mean batch inertia: 27.297083536783855, ewa inertia: 27.370737792169948
Minibatch step 190/4040: mean batch inertia: 27.37274678548177, ewa inertia: 27.37083722519196
[MiniBatchKMeans] Reassigning 393 cluster centers.
Minibatch step 191/4040: mean batch inertia: 27.360211690266926, ewa inertia: 27.37031132545806
Converged (lack of improvement in inertia) at step 191/4040
INFO:     35.203.211.20:59032 - "GET / HTTP/1.1" 404 Not Found
INFO:     147.185.132.110:61210 - "GET /metrics HTTP/1.1" 404 Not Found
INFO:     162.216.150.247:65530 - "GET /v1/metadata HTTP/1.1" 404 Not Found
INFO:     220.117.27.215:17269 - "GET /train HTTP/1.1" 200 OK
INFO:     Shutting down
INFO:     Waiting for application shutdown.
2026-04-27 13:26:27 | INFO | rvc-api | Shutting down
INFO:     Application shutdown complete.
INFO:     Finished server process [4159662]
/home/pps-nipa/anaconda3/envs/rvc/lib/python3.10/site-packages/librosa/util/files.py:10: UserWarning: pkg_resources is deprecated as an API. See https://setuptools.pypa.io/en/latest/pkg_resources.html. The pkg_resources package is slated for removal as early as 2025-11-30. Refrain from using this package or pin to Setuptools<81.
  from pkg_resources import resource_filename
INFO:     Started server process [4177373]
INFO:     Waiting for application startup.
2026-04-27 13:26:36 | INFO | rvc-api | Trainer initialized
2026-04-27 13:26:36 | INFO | rvc-api | No trained models found, skipping engine load (train first)
INFO:     Application startup complete.
INFO:     Uvicorn running on http://0.0.0.0:4998 (Press CTRL+C to quit)
INFO:     220.117.27.215:63356 - "POST /train HTTP/1.1" 200 OK
2026-04-27 13:27:07 | INFO | rvc-trainer | Running: /home/pps-nipa/anaconda3/envs/rvc/bin/python infer/modules/train/preprocess.py /home/pps-nipa/NIQ/fish/side/idol/Retrieval-based-Voice-Conversion-WebUI/data/ 48000 4 /home/pps-nipa/NIQ/fish/side/idol/Retrieval-based-Voice-Conversion-WebUI/logs/composureMAN True 3.7
INFO:     220.117.27.215:12785 - "GET /train HTTP/1.1" 200 OK
INFO:     220.117.27.215:12785 - "GET /train HTTP/1.1" 200 OK
INFO:     220.117.27.215:12785 - "GET /train HTTP/1.1" 200 OK
INFO:     220.117.27.215:12785 - "GET /train HTTP/1.1" 200 OK
INFO:     220.117.27.215:12785 - "GET /train HTTP/1.1" 200 OK
INFO:     220.117.27.215:12785 - "GET /train HTTP/1.1" 200 OK
INFO:     220.117.27.215:12785 - "GET /train HTTP/1.1" 200 OK
2026-04-27 13:36:24 | INFO | rvc-trainer | Running: /home/pps-nipa/anaconda3/envs/rvc/bin/python infer/modules/train/extract/extract_f0_print.py /home/pps-nipa/NIQ/fish/side/idol/Retrieval-based-Voice-Conversion-WebUI/logs/composureMAN 4 rmvpe
2026-04-27 13:36:25 | INFO | rvc-trainer | Running: /home/pps-nipa/anaconda3/envs/rvc/bin/python infer/modules/train/extract_feature_print.py cuda:0 1 0 0 /home/pps-nipa/NIQ/fish/side/idol/Retrieval-based-Voice-Conversion-WebUI/logs/composureMAN v2 False
2026-04-27 13:36:30 | INFO | rvc-trainer | Filelist written: 5400 entries
2026-04-27 13:36:30 | INFO | rvc-trainer | Config written: /home/pps-nipa/NIQ/fish/side/idol/Retrieval-based-Voice-Conversion-WebUI/logs/composureMAN/config.json
2026-04-27 13:36:30 | INFO | rvc-trainer | Running: /home/pps-nipa/anaconda3/envs/rvc/bin/python infer/modules/train/train.py -e composureMAN -sr 48k -f0 1 -bs 8 -te 200 -se 20 -pg assets/pretrained_v2/f0G48k.pth -pd assets/pretrained_v2/f0D48k.pth -l 0 -c 0 -sw 1 -v v2 -g 0
Init 1/3 with method random
Inertia for init 1/3: 3194297.25
Init 2/3 with method random
Inertia for init 2/3: 3191478.0
Init 3/3 with method random
Inertia for init 3/3: 3196844.5
[MiniBatchKMeans] Reassigning 2318 cluster centers.
Minibatch step 1/4040: mean batch inertia: 43.427714029947914
Minibatch step 2/4040: mean batch inertia: 34.0662841796875, ewa inertia: 34.0662841796875
Minibatch step 3/4040: mean batch inertia: 31.90338389078776, ewa inertia: 33.95923369287411
Minibatch step 4/4040: mean batch inertia: 31.09154510498047, ewa inertia: 33.817300446603475
Minibatch step 5/4040: mean batch inertia: 30.57556406656901, ewa inertia: 33.6568540962172
[MiniBatchKMeans] Reassigning 2285 cluster centers.
Minibatch step 6/4040: mean batch inertia: 30.16090138753255, ewa inertia: 33.48382557462425
Minibatch step 7/4040: mean batch inertia: 29.85675811767578, ewa inertia: 33.30430766574789
Minibatch step 8/4040: mean batch inertia: 29.676366170247395, ewa inertia: 33.124746497247884
Minibatch step 9/4040: mean batch inertia: 29.49616241455078, ewa inertia: 32.945153524566905
Minibatch step 10/4040: mean batch inertia: 29.286099751790363, ewa inertia: 32.76405248645508
[MiniBatchKMeans] Reassigning 1944 cluster centers.
Minibatch step 11/4040: mean batch inertia: 29.202232360839844, ewa inertia: 32.587763925976496
Minibatch step 12/4040: mean batch inertia: 29.075978597005207, ewa inertia: 32.41395178540771
Minibatch step 13/4040: mean batch inertia: 28.983901977539062, ewa inertia: 32.24418505893817
Minibatch step 14/4040: mean batch inertia: 28.94085693359375, ewa inertia: 32.080690289559605
Minibatch step 15/4040: mean batch inertia: 28.860506693522137, ewa inertia: 31.92131067166715
Minibatch step 16/4040: mean batch inertia: 28.88220723470052, ewa inertia: 31.7708934267885
Minibatch step 17/4040: mean batch inertia: 28.627403259277344, ewa inertia: 31.615309669898643
Minibatch step 18/4040: mean batch inertia: 28.5785395304362, ewa inertia: 31.465007909138695
Minibatch step 19/4040: mean batch inertia: 28.68622080485026, ewa inertia: 31.32747474878382
Minibatch step 20/4040: mean batch inertia: 28.609840393066406, ewa inertia: 31.192968279736952
[MiniBatchKMeans] Reassigning 1182 cluster centers.
Minibatch step 21/4040: mean batch inertia: 28.69001007080078, ewa inertia: 31.069086981965018
Minibatch step 22/4040: mean batch inertia: 28.443748474121094, ewa inertia: 30.93914859934193
Minibatch step 23/4040: mean batch inertia: 28.577194213867188, ewa inertia: 30.822246138283624
Minibatch step 24/4040: mean batch inertia: 28.394732157389324, ewa inertia: 30.70209887364331
Minibatch step 25/4040: mean batch inertia: 28.372215270996094, ewa inertia: 30.586783722426233
[MiniBatchKMeans] Reassigning 1295 cluster centers.
Minibatch step 26/4040: mean batch inertia: 28.31933848063151, ewa inertia: 30.47455889255194
Minibatch step 27/4040: mean batch inertia: 28.310043334960938, ewa inertia: 30.367428459704687
Minibatch step 28/4040: mean batch inertia: 28.256380716959637, ewa inertia: 30.262944360411264
Minibatch step 29/4040: mean batch inertia: 28.407313028971355, ewa inertia: 30.171101829159916
Minibatch step 30/4040: mean batch inertia: 28.39038594563802, ewa inertia: 30.082967159621205
Minibatch step 31/4040: mean batch inertia: 28.344624837239582, ewa inertia: 29.99692972515679
Minibatch step 32/4040: mean batch inertia: 28.17051951090495, ewa inertia: 29.906533462527374
Minibatch step 33/4040: mean batch inertia: 28.08654022216797, ewa inertia: 29.816454801306858
Minibatch step 34/4040: mean batch inertia: 28.16827901204427, ewa inertia: 29.7348800650603
Minibatch step 35/4040: mean batch inertia: 28.03850809733073, ewa inertia: 29.650919909386907
[MiniBatchKMeans] Reassigning 822 cluster centers.
Minibatch step 36/4040: mean batch inertia: 28.056142171223957, ewa inertia: 29.571988053810543
Minibatch step 37/4040: mean batch inertia: 28.18439483642578, ewa inertia: 29.50331057931838
Minibatch step 38/4040: mean batch inertia: 28.200429280598957, ewa inertia: 29.43882583260871
Minibatch step 39/4040: mean batch inertia: 28.089797973632812, ewa inertia: 29.372057110181075
Minibatch step 40/4040: mean batch inertia: 28.080393473307293, ewa inertia: 29.308127569907708
Minibatch step 41/4040: mean batch inertia: 28.025250752766926, ewa inertia: 29.244632924083604
Minibatch step 42/4040: mean batch inertia: 28.110511779785156, ewa inertia: 29.188500784647683
Minibatch step 43/4040: mean batch inertia: 27.99750518798828, ewa inertia: 29.129553703698402
Minibatch step 44/4040: mean batch inertia: 28.1184565226237, ewa inertia: 29.079510506605505
Minibatch step 45/4040: mean batch inertia: 28.02960968017578, ewa inertia: 29.027546763684995
[MiniBatchKMeans] Reassigning 678 cluster centers.
Minibatch step 46/4040: mean batch inertia: 27.826189676920574, ewa inertia: 28.968086851623923
Minibatch step 47/4040: mean batch inertia: 27.92493947347005, ewa inertia: 28.91645736355987
Minibatch step 48/4040: mean batch inertia: 27.914413452148438, ewa inertia: 28.86686224857676
Minibatch step 49/4040: mean batch inertia: 28.08971659342448, ewa inertia: 28.828398237482062
Minibatch step 50/4040: mean batch inertia: 28.03894297281901, ewa inertia: 28.78932497514385
Minibatch step 51/4040: mean batch inertia: 27.901891072591145, ewa inertia: 28.74540236263576
Minibatch step 52/4040: mean batch inertia: 27.869338989257812, ewa inertia: 28.70204252257249
Minibatch step 53/4040: mean batch inertia: 27.888331095377605, ewa inertia: 28.66176872684835
Minibatch step 54/4040: mean batch inertia: 27.7631098429362, ewa inertia: 28.61729054563228
Minibatch step 55/4040: mean batch inertia: 27.752225240071613, ewa inertia: 28.574475043428638
[MiniBatchKMeans] Reassigning 593 cluster centers.
Minibatch step 56/4040: mean batch inertia: 27.938756306966145, ewa inertia: 28.543010809703226
Minibatch step 57/4040: mean batch inertia: 27.779800415039062, ewa inertia: 28.505236509746293
Minibatch step 58/4040: mean batch inertia: 27.772857666015625, ewa inertia: 28.46898818514457
Minibatch step 59/4040: mean batch inertia: 27.831787109375, ewa inertia: 28.437450584586088
Minibatch step 60/4040: mean batch inertia: 27.86297353108724, ewa inertia: 28.4090174438834
Minibatch step 61/4040: mean batch inertia: 27.75806427001953, ewa inertia: 28.376799197618197
Minibatch step 62/4040: mean batch inertia: 27.855939229329426, ewa inertia: 28.35101977844983
Minibatch step 63/4040: mean batch inertia: 27.839922587076824, ewa inertia: 28.325723557710376
Minibatch step 64/4040: mean batch inertia: 27.788258870442707, ewa inertia: 28.299122305349233
Minibatch step 65/4040: mean batch inertia: 27.80517069498698, ewa inertia: 28.274674687202936
[MiniBatchKMeans] Reassigning 465 cluster centers.
Minibatch step 66/4040: mean batch inertia: 27.839920043945312, ewa inertia: 28.25315696100725
Minibatch step 67/4040: mean batch inertia: 27.68841044108073, ewa inertia: 28.22520542288292
Minibatch step 68/4040: mean batch inertia: 27.73132578531901, ewa inertia: 28.20076136695497
Minibatch step 69/4040: mean batch inertia: 27.91504414876302, ewa inertia: 28.186620092178973
Minibatch step 70/4040: mean batch inertia: 27.8699467976888, ewa inertia: 28.170946678795122
Minibatch step 71/4040: mean batch inertia: 27.87683614095052, ewa inertia: 28.156389985444626
Minibatch step 72/4040: mean batch inertia: 27.68596649169922, ewa inertia: 28.133106866813428
Minibatch step 73/4040: mean batch inertia: 27.595181783040363, ewa inertia: 28.106482827608954
Minibatch step 74/4040: mean batch inertia: 27.785906473795574, ewa inertia: 28.090616236387568
Minibatch step 75/4040: mean batch inertia: 27.617759704589844, ewa inertia: 28.067212697083598
[MiniBatchKMeans] Reassigning 391 cluster centers.
Minibatch step 76/4040: mean batch inertia: 27.72046661376953, ewa inertia: 28.050050862481278
Minibatch step 77/4040: mean batch inertia: 27.695699055989582, ewa inertia: 28.03251259056795
Minibatch step 78/4040: mean batch inertia: 27.708546956380207, ewa inertia: 28.01647825046055
Minibatch step 79/4040: mean batch inertia: 27.500282287597656, ewa inertia: 27.990929671360917
Minibatch step 80/4040: mean batch inertia: 27.653488159179688, ewa inertia: 27.974228356771686
[MiniBatchKMeans] Reassigning 521 cluster centers.
Minibatch step 81/4040: mean batch inertia: 27.588233947753906, ewa inertia: 27.955123967353153
Minibatch step 82/4040: mean batch inertia: 27.599957784016926, ewa inertia: 27.937545388709967
Minibatch step 83/4040: mean batch inertia: 27.545814514160156, ewa inertia: 27.918157078931838
Minibatch step 84/4040: mean batch inertia: 27.5391845703125, ewa inertia: 27.899400231126698
Minibatch step 85/4040: mean batch inertia: 27.478350321451824, ewa inertia: 27.87856080638079
Minibatch step 86/4040: mean batch inertia: 27.57165781656901, ewa inertia: 27.863370964004584
Minibatch step 87/4040: mean batch inertia: 27.471588134765625, ewa inertia: 27.843980082783474
Minibatch step 88/4040: mean batch inertia: 27.564010620117188, ewa inertia: 27.830123287153498
Minibatch step 89/4040: mean batch inertia: 27.658218383789062, ewa inertia: 27.821615033821057
Minibatch step 90/4040: mean batch inertia: 27.51287078857422, ewa inertia: 27.806334060433553
[MiniBatchKMeans] Reassigning 431 cluster centers.
Minibatch step 91/4040: mean batch inertia: 27.607630411783855, ewa inertia: 27.79649943124204
Minibatch step 92/4040: mean batch inertia: 27.570424397786457, ewa inertia: 27.78531008399752
Minibatch step 93/4040: mean batch inertia: 27.59973653157552, ewa inertia: 27.776125315181122
Minibatch step 94/4040: mean batch inertia: 27.514063517252605, ewa inertia: 27.76315484068102
Minibatch step 95/4040: mean batch inertia: 27.65173594156901, ewa inertia: 27.757640278844136
Minibatch step 96/4040: mean batch inertia: 27.628102620442707, ewa inertia: 27.751228947973402
Minibatch step 97/4040: mean batch inertia: 27.382212320963543, ewa inertia: 27.73296485611194
Minibatch step 98/4040: mean batch inertia: 27.636098225911457, ewa inertia: 27.728170543599177
Minibatch step 99/4040: mean batch inertia: 27.550242106119793, ewa inertia: 27.71936416174798
Minibatch step 100/4040: mean batch inertia: 27.538279215494793, ewa inertia: 27.7104015517976
[MiniBatchKMeans] Reassigning 379 cluster centers.
Minibatch step 101/4040: mean batch inertia: 27.497945149739582, ewa inertia: 27.699886244465286
Minibatch step 102/4040: mean batch inertia: 27.480313618977863, ewa inertia: 27.68901872709985
Minibatch step 103/4040: mean batch inertia: 27.524136861165363, ewa inertia: 27.680858071656985
Minibatch step 104/4040: mean batch inertia: 27.606648763020832, ewa inertia: 27.677185159569287
Minibatch step 105/4040: mean batch inertia: 27.563886006673176, ewa inertia: 27.67157753653862
Minibatch step 106/4040: mean batch inertia: 27.539833068847656, ewa inertia: 27.66505698195103
Minibatch step 107/4040: mean batch inertia: 27.589162190755207, ewa inertia: 27.661300648667517
Minibatch step 108/4040: mean batch inertia: 27.580830891927082, ewa inertia: 27.65731788225104
Minibatch step 109/4040: mean batch inertia: 27.53375498453776, ewa inertia: 27.651202265909333
Minibatch step 110/4040: mean batch inertia: 27.534403483072918, ewa inertia: 27.64542143235634
[MiniBatchKMeans] Reassigning 306 cluster centers.
Minibatch step 111/4040: mean batch inertia: 27.632883707682293, ewa inertia: 27.644800890791487
Minibatch step 112/4040: mean batch inertia: 27.460601806640625, ewa inertia: 27.6356841498441
Minibatch step 113/4040: mean batch inertia: 27.474945068359375, ewa inertia: 27.62772853718309
Minibatch step 114/4040: mean batch inertia: 27.421254475911457, ewa inertia: 27.61750931954883
Minibatch step 115/4040: mean batch inertia: 27.496337890625, ewa inertia: 27.611512066452725
Minibatch step 116/4040: mean batch inertia: 27.445045471191406, ewa inertia: 27.603272976489887
Minibatch step 117/4040: mean batch inertia: 27.42540232340495, ewa inertia: 27.594469454616835
Minibatch step 118/4040: mean batch inertia: 27.48852284749349, ewa inertia: 27.589225738146418
Minibatch step 119/4040: mean batch inertia: 27.47797393798828, ewa inertia: 27.583719446697426
Minibatch step 120/4040: mean batch inertia: 27.56195322672526, ewa inertia: 27.582642150413328
[MiniBatchKMeans] Reassigning 312 cluster centers.
Minibatch step 121/4040: mean batch inertia: 27.418413798014324, ewa inertia: 27.574513839939147
Minibatch step 122/4040: mean batch inertia: 27.48120625813802, ewa inertia: 27.56989567880317
Minibatch step 123/4040: mean batch inertia: 27.362897237141926, ewa inertia: 27.559650507510174
Minibatch step 124/4040: mean batch inertia: 27.51197560628255, ewa inertia: 27.55729088815491
Minibatch step 125/4040: mean batch inertia: 27.41559092203776, ewa inertia: 27.55027759658889
Minibatch step 126/4040: mean batch inertia: 27.51598358154297, ewa inertia: 27.548580250195123
Minibatch step 127/4040: mean batch inertia: 27.357711791992188, ewa inertia: 27.539133415557018
Minibatch step 128/4040: mean batch inertia: 27.494105021158855, ewa inertia: 27.536904782288307
Minibatch step 129/4040: mean batch inertia: 27.38525136311849, ewa inertia: 27.52939885497748
Minibatch step 130/4040: mean batch inertia: 27.43128204345703, ewa inertia: 27.524542666048315
[MiniBatchKMeans] Reassigning 284 cluster centers.
Minibatch step 131/4040: mean batch inertia: 27.370442708333332, ewa inertia: 27.516915649871947
Minibatch step 132/4040: mean batch inertia: 27.515914916992188, ewa inertia: 27.516866119645105
Minibatch step 133/4040: mean batch inertia: 27.47064463297526, ewa inertia: 27.514578435522708
Minibatch step 134/4040: mean batch inertia: 27.326690673828125, ewa inertia: 27.505279127339662
Minibatch step 135/4040: mean batch inertia: 27.48192596435547, ewa inertia: 27.50412328697156
[MiniBatchKMeans] Reassigning 372 cluster centers.
Minibatch step 136/4040: mean batch inertia: 27.46746571858724, ewa inertia: 27.50230895897823
Minibatch step 137/4040: mean batch inertia: 27.47374725341797, ewa inertia: 27.500895327244884
Minibatch step 138/4040: mean batch inertia: 27.39452870686849, ewa inertia: 27.495630822657954
Minibatch step 139/4040: mean batch inertia: 27.469144185384113, ewa inertia: 27.494319894258357
Minibatch step 140/4040: mean batch inertia: 27.502769470214844, ewa inertia: 27.494738097179756
Minibatch step 141/4040: mean batch inertia: 27.431442260742188, ewa inertia: 27.491605335980047
Minibatch step 142/4040: mean batch inertia: 27.299484252929688, ewa inertia: 27.48209650398571
Minibatch step 143/4040: mean batch inertia: 27.395009358723957, ewa inertia: 27.47778621684797
Minibatch step 144/4040: mean batch inertia: 27.381673177083332, ewa inertia: 27.47302920250537
Minibatch step 145/4040: mean batch inertia: 27.510691324869793, ewa inertia: 27.474893249846907
[MiniBatchKMeans] Reassigning 303 cluster centers.
Minibatch step 146/4040: mean batch inertia: 27.398902893066406, ewa inertia: 27.47113218664477
Minibatch step 147/4040: mean batch inertia: 27.3983154296875, ewa inertia: 27.46752819744543
Minibatch step 148/4040: mean batch inertia: 27.418284098307293, ewa inertia: 27.46509091228139
Minibatch step 149/4040: mean batch inertia: 27.418162027994793, ewa inertia: 27.462768216254084
Minibatch step 150/4040: mean batch inertia: 27.383585611979168, ewa inertia: 27.458849156102175
Minibatch step 151/4040: mean batch inertia: 27.554046630859375, ewa inertia: 27.463560855512668
Minibatch step 152/4040: mean batch inertia: 27.36169687906901, ewa inertia: 27.45851920457619
Minibatch step 153/4040: mean batch inertia: 27.401761372884113, ewa inertia: 27.45571003508082
Minibatch step 154/4040: mean batch inertia: 27.351051330566406, ewa inertia: 27.450530062002528
Minibatch step 155/4040: mean batch inertia: 27.424278259277344, ewa inertia: 27.44923075649322
[MiniBatchKMeans] Reassigning 255 cluster centers.
Minibatch step 156/4040: mean batch inertia: 27.395299275716145, ewa inertia: 27.446561474279246
Minibatch step 157/4040: mean batch inertia: 27.44305419921875, ewa inertia: 27.446387885369695
Minibatch step 158/4040: mean batch inertia: 27.441988627115887, ewa inertia: 27.44617014868525
Minibatch step 159/4040: mean batch inertia: 27.318824768066406, ewa inertia: 27.439867322309645
Minibatch step 160/4040: mean batch inertia: 27.366238911946613, ewa inertia: 27.436223161174198
Minibatch step 161/4040: mean batch inertia: 27.37414296468099, ewa inertia: 27.433150566801647
Minibatch step 162/4040: mean batch inertia: 27.411666870117188, ewa inertia: 27.432087253712076
Minibatch step 163/4040: mean batch inertia: 27.307540893554688, ewa inertia: 27.42592296192567
Minibatch step 164/4040: mean batch inertia: 27.265945434570312, ewa inertia: 27.418005041589495
Minibatch step 165/4040: mean batch inertia: 27.48162587483724, ewa inertia: 27.421153888166288
[MiniBatchKMeans] Reassigning 222 cluster centers.
Minibatch step 166/4040: mean batch inertia: 27.41900126139323, ewa inertia: 27.421047346156392
Minibatch step 167/4040: mean batch inertia: 27.387557983398438, ewa inertia: 27.41938982518573
Minibatch step 168/4040: mean batch inertia: 27.400095621744793, ewa inertia: 27.418434878773436
Minibatch step 169/4040: mean batch inertia: 27.222984313964844, ewa inertia: 27.40876125756302
Minibatch step 170/4040: mean batch inertia: 27.418472290039062, ewa inertia: 27.409241894955027
Minibatch step 171/4040: mean batch inertia: 27.30597178141276, ewa inertia: 27.404130648734057
Minibatch step 172/4040: mean batch inertia: 27.39503224690755, ewa inertia: 27.403680332855075
Minibatch step 173/4040: mean batch inertia: 27.320048014322918, ewa inertia: 27.39954103875162
Minibatch step 174/4040: mean batch inertia: 27.3187739054362, ewa inertia: 27.395543553992702
Minibatch step 175/4040: mean batch inertia: 27.36310577392578, ewa inertia: 27.39393808000709
[MiniBatchKMeans] Reassigning 213 cluster centers.
Minibatch step 176/4040: mean batch inertia: 27.279332478841145, ewa inertia: 27.38826579568621
Minibatch step 177/4040: mean batch inertia: 27.245379130045574, ewa inertia: 27.381193769668887
Minibatch step 178/4040: mean batch inertia: 27.346478780110676, ewa inertia: 27.379475587582082
Minibatch step 179/4040: mean batch inertia: 27.433876037597656, ewa inertia: 27.382168080937845
Minibatch step 180/4040: mean batch inertia: 27.232523600260418, ewa inertia: 27.3747615839358
Minibatch step 181/4040: mean batch inertia: 27.34692128499349, ewa inertia: 27.373383657468224
Minibatch step 182/4040: mean batch inertia: 27.32421875, ewa inertia: 27.370950291813035
Minibatch step 183/4040: mean batch inertia: 27.438128153483074, ewa inertia: 27.374275189789962
Minibatch step 184/4040: mean batch inertia: 27.299545288085938, ewa inertia: 27.370576511493052
Minibatch step 185/4040: mean batch inertia: 27.323532104492188, ewa inertia: 27.368248097789873
[MiniBatchKMeans] Reassigning 176 cluster centers.
Minibatch step 186/4040: mean batch inertia: 27.271578470865887, ewa inertia: 27.36346353574816
Minibatch step 187/4040: mean batch inertia: 27.47808074951172, ewa inertia: 27.369136394822412
Minibatch step 188/4040: mean batch inertia: 27.249796549479168, ewa inertia: 27.36322979403929
Minibatch step 189/4040: mean batch inertia: 27.226661682128906, ewa inertia: 27.35647049822791
Minibatch step 190/4040: mean batch inertia: 27.288218180338543, ewa inertia: 27.35309242116458
Minibatch step 191/4040: mean batch inertia: 27.31065622965495, ewa inertia: 27.35099208626568
Minibatch step 192/4040: mean batch inertia: 27.365234375, ewa inertia: 27.351696993445255
Minibatch step 193/4040: mean batch inertia: 27.338358561197918, ewa inertia: 27.351036821696827
Minibatch step 194/4040: mean batch inertia: 27.4285151163737, ewa inertia: 27.354871528828355
Minibatch step 195/4040: mean batch inertia: 27.302403767903645, ewa inertia: 27.352274691897026
[MiniBatchKMeans] Reassigning 182 cluster centers.
Minibatch step 196/4040: mean batch inertia: 27.301498413085938, ewa inertia: 27.349761573103155
Minibatch step 197/4040: mean batch inertia: 27.312545776367188, ewa inertia: 27.34791961618162
Minibatch step 198/4040: mean batch inertia: 27.256080627441406, ewa inertia: 27.343374141522645
Minibatch step 199/4040: mean batch inertia: 27.332077026367188, ewa inertia: 27.3428150026279
Minibatch step 200/4040: mean batch inertia: 27.29498799641927, ewa inertia: 27.340447854995745
Minibatch step 201/4040: mean batch inertia: 27.194346110026043, ewa inertia: 27.333216701990885
Minibatch step 202/4040: mean batch inertia: 27.277427673339844, ewa inertia: 27.330455482388395
Minibatch step 203/4040: mean batch inertia: 27.300559997558594, ewa inertia: 27.328975836645604
Minibatch step 204/4040: mean batch inertia: 27.452046712239582, ewa inertia: 27.335067100867306
Minibatch step 205/4040: mean batch inertia: 27.178321838378906, ewa inertia: 27.32730915809889
[MiniBatchKMeans] Reassigning 168 cluster centers.
Minibatch step 206/4040: mean batch inertia: 27.23609670003255, ewa inertia: 27.322794692920095
Minibatch step 207/4040: mean batch inertia: 27.381312052408855, ewa inertia: 27.325690948402816
Minibatch step 208/4040: mean batch inertia: 27.380783081054688, ewa inertia: 27.328417675866973
Minibatch step 209/4040: mean batch inertia: 27.305631001790363, ewa inertia: 27.32728987327465
Minibatch step 210/4040: mean batch inertia: 27.234176635742188, ewa inertia: 27.322681331004915
Minibatch step 211/4040: mean batch inertia: 27.357142130533855, ewa inertia: 27.324386932222176
Minibatch step 212/4040: mean batch inertia: 27.29389190673828, ewa inertia: 27.322877612841992
Minibatch step 213/4040: mean batch inertia: 27.357498168945312, ewa inertia: 27.32459112104375
Minibatch step 214/4040: mean batch inertia: 27.24755859375, ewa inertia: 27.32077847670245
Minibatch step 215/4040: mean batch inertia: 27.132357279459637, ewa inertia: 27.31145276668506
[MiniBatchKMeans] Reassigning 151 cluster centers.
Minibatch step 216/4040: mean batch inertia: 27.290517171223957, ewa inertia: 27.310416581292078
Minibatch step 217/4040: mean batch inertia: 27.229695638020832, ewa inertia: 27.306421382661068
Minibatch step 218/4040: mean batch inertia: 27.191609700520832, ewa inertia: 27.30073889857798
Minibatch step 219/4040: mean batch inertia: 27.346165974934895, ewa inertia: 27.30298726419311
Minibatch step 220/4040: mean batch inertia: 27.233561197916668, ewa inertia: 27.299551093681426
Minibatch step 221/4040: mean batch inertia: 27.351412455240887, ewa inertia: 27.302117917510635
Minibatch step 222/4040: mean batch inertia: 27.263254801432293, ewa inertia: 27.300194428241795
Minibatch step 223/4040: mean batch inertia: 27.25311024983724, ewa inertia: 27.2978640460946
Minibatch step 224/4040: mean batch inertia: 27.284708658854168, ewa inertia: 27.297212933967273
Minibatch step 225/4040: mean batch inertia: 27.288553873697918, ewa inertia: 27.29678436283899
[MiniBatchKMeans] Reassigning 154 cluster centers.
Minibatch step 226/4040: mean batch inertia: 27.386021931966145, ewa inertia: 27.30120108295602
Minibatch step 227/4040: mean batch inertia: 27.192733764648438, ewa inertia: 27.29583260652289
Minibatch step 228/4040: mean batch inertia: 27.321634928385418, ewa inertia: 27.297109665447188
Minibatch step 229/4040: mean batch inertia: 27.079940795898438, ewa inertia: 27.286361119466953
Minibatch step 230/4040: mean batch inertia: 27.331403096516926, ewa inertia: 27.288590424994805
Minibatch step 231/4040: mean batch inertia: 27.28839111328125, ewa inertia: 27.288580560270077
Minibatch step 232/4040: mean batch inertia: 27.2828369140625, ewa inertia: 27.28829628451046
Minibatch step 233/4040: mean batch inertia: 27.297536214192707, ewa inertia: 27.288753605162587
Minibatch step 234/4040: mean batch inertia: 27.324061075846355, ewa inertia: 27.290501111482804
Minibatch step 235/4040: mean batch inertia: 27.133494059244793, ewa inertia: 27.282730211704635
[MiniBatchKMeans] Reassigning 138 cluster centers.
Minibatch step 236/4040: mean batch inertia: 27.350067138671875, ewa inertia: 27.286062982452023
Minibatch step 237/4040: mean batch inertia: 27.252474466959637, ewa inertia: 27.284400554020507
Minibatch step 238/4040: mean batch inertia: 27.242935180664062, ewa inertia: 27.282348268750358
Minibatch step 239/4040: mean batch inertia: 27.076871236165363, ewa inertia: 27.27217839800778
Minibatch step 240/4040: mean batch inertia: 27.26666005452474, ewa inertia: 27.271905273370788
Minibatch step 241/4040: mean batch inertia: 27.12926737467448, ewa inertia: 27.264845559813097
Minibatch step 242/4040: mean batch inertia: 27.15178934733073, ewa inertia: 27.259249960864025
Minibatch step 243/4040: mean batch inertia: 27.300621032714844, ewa inertia: 27.261297578779818
Minibatch step 244/4040: mean batch inertia: 27.22149912516276, ewa inertia: 27.259327795958118
Minibatch step 245/4040: mean batch inertia: 27.124483744303387, ewa inertia: 27.252653830705253
[MiniBatchKMeans] Reassigning 139 cluster centers.
Minibatch step 246/4040: mean batch inertia: 27.233286539713543, ewa inertia: 27.251695266901105
Minibatch step 247/4040: mean batch inertia: 27.358367919921875, ewa inertia: 27.256974918253576
Minibatch step 248/4040: mean batch inertia: 27.081626892089844, ewa inertia: 27.24829625116063
Minibatch step 249/4040: mean batch inertia: 27.32299041748047, ewa inertia: 27.25199316077209
Minibatch step 250/4040: mean batch inertia: 27.224853515625, ewa inertia: 27.250649912431037
Minibatch step 251/4040: mean batch inertia: 27.196701049804688, ewa inertia: 27.247979769920622
Minibatch step 252/4040: mean batch inertia: 27.245831807454426, ewa inertia: 27.247873458765714
Minibatch step 253/4040: mean batch inertia: 27.11951446533203, ewa inertia: 27.241520464684356
Minibatch step 254/4040: mean batch inertia: 27.18133799235026, ewa inertia: 27.23854179618352
Minibatch step 255/4040: mean batch inertia: 27.321675618489582, ewa inertia: 27.242656417737827
[MiniBatchKMeans] Reassigning 119 cluster centers.
Minibatch step 256/4040: mean batch inertia: 27.255465189615887, ewa inertia: 27.243290374500454
Minibatch step 257/4040: mean batch inertia: 27.235702514648438, ewa inertia: 27.242914821316056
Minibatch step 258/4040: mean batch inertia: 27.200998942057293, ewa inertia: 27.240840238727625
Minibatch step 259/4040: mean batch inertia: 27.207926432291668, ewa inertia: 27.239211204314927
Minibatch step 260/4040: mean batch inertia: 27.176348368326824, ewa inertia: 27.23609987401943
[MiniBatchKMeans] Reassigning 168 cluster centers.
Minibatch step 261/4040: mean batch inertia: 27.35962422688802, ewa inertia: 27.24221358262438
Minibatch step 262/4040: mean batch inertia: 27.258705139160156, ewa inertia: 27.243029814960437
Minibatch step 263/4040: mean batch inertia: 27.09332275390625, ewa inertia: 27.23562022060812
Minibatch step 264/4040: mean batch inertia: 27.155242919921875, ewa inertia: 27.23164203020731
Minibatch step 265/4040: mean batch inertia: 27.243502298990887, ewa inertia: 27.232229041801666
Minibatch step 266/4040: mean batch inertia: 27.16820780436198, ewa inertia: 27.22906037763833
Minibatch step 267/4040: mean batch inertia: 27.129498799641926, ewa inertia: 27.22413268150406
Minibatch step 268/4040: mean batch inertia: 27.206553141276043, ewa inertia: 27.223262600553486
Minibatch step 269/4040: mean batch inertia: 27.301976521809895, ewa inertia: 27.227158463729765
Minibatch step 270/4040: mean batch inertia: 27.406204223632812, ewa inertia: 27.236020146285295
[MiniBatchKMeans] Reassigning 152 cluster centers.
Minibatch step 271/4040: mean batch inertia: 27.157679239908855, ewa inertia: 27.232142745090226
Minibatch step 272/4040: mean batch inertia: 27.179217020670574, ewa inertia: 27.229523241734867
Minibatch step 273/4040: mean batch inertia: 27.195236206054688, ewa inertia: 27.227826240777503
Minibatch step 274/4040: mean batch inertia: 27.219090779622395, ewa inertia: 27.227393888267315
Minibatch step 275/4040: mean batch inertia: 27.248850504557293, ewa inertia: 27.228455861041095
Minibatch step 276/4040: mean batch inertia: 27.22222646077474, ewa inertia: 27.228147543392566
Minibatch step 277/4040: mean batch inertia: 27.207110087076824, ewa inertia: 27.227106316503157
Minibatch step 278/4040: mean batch inertia: 27.136062622070312, ewa inertia: 27.222600204103827
Minibatch step 279/4040: mean batch inertia: 27.15955098470052, ewa inertia: 27.219479648956202
Minibatch step 280/4040: mean batch inertia: 27.297576904296875, ewa inertia: 27.223344990898184
Minibatch step 281/4040: mean batch inertia: 27.216603597005207, ewa inertia: 27.223011332660796
Minibatch step 282/4040: mean batch inertia: 27.137733459472656, ewa inertia: 27.218790593551347
Minibatch step 283/4040: mean batch inertia: 27.150853474934895, ewa inertia: 27.215428116946246
Minibatch step 284/4040: mean batch inertia: 27.177703857421875, ewa inertia: 27.21356099419099
Minibatch step 285/4040: mean batch inertia: 27.127919514973957, ewa inertia: 27.20932225878157
[MiniBatchKMeans] Reassigning 107 cluster centers.
Minibatch step 286/4040: mean batch inertia: 27.124610900878906, ewa inertia: 27.20512955875344
Minibatch step 287/4040: mean batch inertia: 27.236470540364582, ewa inertia: 27.206680747847038
Minibatch step 288/4040: mean batch inertia: 27.13683319091797, ewa inertia: 27.203223716096495
Minibatch step 289/4040: mean batch inertia: 27.077776590983074, ewa inertia: 27.197014841891036
Minibatch step 290/4040: mean batch inertia: 27.118387858072918, ewa inertia: 27.193123281592303
Minibatch step 291/4040: mean batch inertia: 27.224026997884113, ewa inertia: 27.194652828696423
Minibatch step 292/4040: mean batch inertia: 27.26195780436198, ewa inertia: 27.197984018047567
Minibatch step 293/4040: mean batch inertia: 27.185157775878906, ewa inertia: 27.197349196611192
Minibatch step 294/4040: mean batch inertia: 27.2487055460612, ewa inertia: 27.19989102539442
Minibatch step 295/4040: mean batch inertia: 27.166956583658855, ewa inertia: 27.19826096965916
[MiniBatchKMeans] Reassigning 97 cluster centers.
Minibatch step 296/4040: mean batch inertia: 27.175137837727863, ewa inertia: 27.197116514437347
Minibatch step 297/4040: mean batch inertia: 27.108047485351562, ewa inertia: 27.192708136033332
Minibatch step 298/4040: mean batch inertia: 27.057090759277344, ewa inertia: 27.18599589586369
Minibatch step 299/4040: mean batch inertia: 27.131881713867188, ewa inertia: 27.183317571044018
Minibatch step 300/4040: mean batch inertia: 27.11822509765625, ewa inertia: 27.180095887178233
Minibatch step 301/4040: mean batch inertia: 27.255877176920574, ewa inertia: 27.18384660282606
Minibatch step 302/4040: mean batch inertia: 27.090354919433594, ewa inertia: 27.17921932977444
Minibatch step 303/4040: mean batch inertia: 27.16228739420573, ewa inertia: 27.178381301338906
Minibatch step 304/4040: mean batch inertia: 27.24146779378255, ewa inertia: 27.181503701276664
Minibatch step 305/4040: mean batch inertia: 27.18835957845052, ewa inertia: 27.181843025744264
[MiniBatchKMeans] Reassigning 107 cluster centers.
Minibatch step 306/4040: mean batch inertia: 27.17626190185547, ewa inertia: 27.181566793856774
Minibatch step 307/4040: mean batch inertia: 27.308873494466145, ewa inertia: 27.187867705805782
Minibatch step 308/4040: mean batch inertia: 27.17249043782552, ewa inertia: 27.187106624015932
Minibatch step 309/4040: mean batch inertia: 27.113978068033855, ewa inertia: 27.183487202650085
Minibatch step 310/4040: mean batch inertia: 27.12359110514323, ewa inertia: 27.180522707971694
[MiniBatchKMeans] Reassigning 132 cluster centers.
Minibatch step 311/4040: mean batch inertia: 27.197848002115887, ewa inertia: 27.181380205278362
Minibatch step 312/4040: mean batch inertia: 27.26959991455078, ewa inertia: 27.18574654748684
Minibatch step 313/4040: mean batch inertia: 27.205093383789062, ewa inertia: 27.186704098907533
Converged (lack of improvement in inertia) at step 313/4040
INFO:     220.117.27.215:39808 - "GET /train HTTP/1.1" 200 OK
2026-04-27 14:12:49 | INFO | rvc-trainer | Running: /home/pps-nipa/anaconda3/envs/rvc/bin/python infer/modules/train/preprocess.py /home/pps-nipa/NIQ/fish/side/idol/Retrieval-based-Voice-Conversion-WebUI/data/ 48000 4 /home/pps-nipa/NIQ/fish/side/idol/Retrieval-based-Voice-Conversion-WebUI/logs/composureMAN True 3.7
INFO:     220.117.27.215:18129 - "POST /train HTTP/1.1" 200 OK
INFO:     220.117.27.215:48418 - "GET /train HTTP/1.1" 200 OK
INFO:     220.117.27.215:48418 - "GET /train HTTP/1.1" 200 OK
INFO:     220.117.27.215:48418 - "GET /train HTTP/1.1" 200 OK
INFO:     220.117.27.215:48418 - "GET /train HTTP/1.1" 200 OK
INFO:     220.117.27.215:48418 - "GET /train HTTP/1.1" 200 OK
INFO:     220.117.27.215:48418 - "GET /train HTTP/1.1" 200 OK
INFO:     220.117.27.215:48418 - "GET /train HTTP/1.1" 200 OK
INFO:     220.117.27.215:48418 - "GET /train HTTP/1.1" 200 OK
INFO:     220.117.27.215:48418 - "GET /train HTTP/1.1" 200 OK
INFO:     220.117.27.215:48418 - "GET /train HTTP/1.1" 200 OK
INFO:     220.117.27.215:23656 - "GET /train/29aa2cfb HTTP/1.1" 200 OK
INFO:     220.117.27.215:23656 - "GET /train/29aa2cfb HTTP/1.1" 200 OK
INFO:     220.117.27.215:23656 - "GET /train/29aa2cfb HTTP/1.1" 200 OK
INFO:     220.117.27.215:23656 - "GET /train/29aa2cfb HTTP/1.1" 200 OK
INFO:     220.117.27.215:23656 - "GET /train/29aa2cfb HTTP/1.1" 200 OK
INFO:     220.117.27.215:23656 - "GET /train/29aa2cfb HTTP/1.1" 200 OK
INFO:     220.117.27.215:23656 - "GET /train/29aa2cfb HTTP/1.1" 200 OK
INFO:     220.117.27.215:23656 - "GET /train HTTP/1.1" 200 OK
INFO:     220.117.27.215:23656 - "GET /train HTTP/1.1" 200 OK
INFO:     220.117.27.215:23656 - "GET /train HTTP/1.1" 200 OK
INFO:     220.117.27.215:23656 - "GET /train HTTP/1.1" 200 OK
INFO:     220.117.27.215:23656 - "GET /train/29aa2cfb HTTP/1.1" 200 OK
INFO:     220.117.27.215:23656 - "GET /train/29aa2cfb HTTP/1.1" 200 OK
INFO:     220.117.27.215:23656 - "GET /train/29aa2cfb HTTP/1.1" 200 OK
INFO:     220.117.27.215:23656 - "GET /train/29aa2cfb HTTP/1.1" 200 OK
INFO:     220.117.27.215:23656 - "GET /train/29aa2cfb HTTP/1.1" 200 OK
2026-04-27 14:17:47 | INFO | rvc-trainer | Running: /home/pps-nipa/anaconda3/envs/rvc/bin/python infer/modules/train/extract/extract_f0_print.py /home/pps-nipa/NIQ/fish/side/idol/Retrieval-based-Voice-Conversion-WebUI/logs/composureMAN 4 rmvpe
2026-04-27 14:17:48 | INFO | rvc-trainer | Running: /home/pps-nipa/anaconda3/envs/rvc/bin/python infer/modules/train/extract_feature_print.py cuda:0 1 0 0 /home/pps-nipa/NIQ/fish/side/idol/Retrieval-based-Voice-Conversion-WebUI/logs/composureMAN v2 False
2026-04-27 14:17:53 | INFO | rvc-trainer | Filelist written: 5400 entries
2026-04-27 14:17:53 | INFO | rvc-trainer | Config written: /home/pps-nipa/NIQ/fish/side/idol/Retrieval-based-Voice-Conversion-WebUI/logs/composureMAN/config.json
2026-04-27 14:17:53 | INFO | rvc-trainer | Running: /home/pps-nipa/anaconda3/envs/rvc/bin/python infer/modules/train/train.py -e composureMAN -sr 48k -f0 1 -bs 8 -te 200 -se 20 -pg assets/pretrained_v2/f0G48k.pth -pd assets/pretrained_v2/f0D48k.pth -l 0 -c 0 -sw 1 -v v2 -g 0
INFO:     220.117.27.215:48139 - "GET /train/29aa2cfb HTTP/1.1" 200 OK
INFO:     220.117.27.215:19527 - "GET /train/29aa2cfb HTTP/1.1" 200 OK
INFO:     220.117.27.215:43256 - "GET /train HTTP/1.1" 200 OK
INFO:     220.117.27.215:43256 - "GET /train HTTP/1.1" 200 OK
INFO:     220.117.27.215:11664 - "GET /train HTTP/1.1" 200 OK
INFO:     127.0.0.1:41758 - "POST /train HTTP/1.1" 200 OK
2026-04-27 17:15:17 | INFO | rvc-trainer | Running: /home/pps-nipa/anaconda3/envs/rvc/bin/python infer/modules/train/preprocess.py /home/pps-nipa/NIQ/fish/side/idol/Retrieval-based-Voice-Conversion-WebUI/data 48000 4 /home/pps-nipa/NIQ/fish/side/idol/Retrieval-based-Voice-Conversion-WebUI/logs/composureMAN True 3.7
INFO:     Shutting down
INFO:     Waiting for application shutdown.
2026-04-27 17:15:18 | INFO | rvc-api | Shutting down
INFO:     Application shutdown complete.
INFO:     Finished server process [4177373]
/home/pps-nipa/anaconda3/envs/rvc/lib/python3.10/site-packages/librosa/util/files.py:10: UserWarning: pkg_resources is deprecated as an API. See https://setuptools.pypa.io/en/latest/pkg_resources.html. The pkg_resources package is slated for removal as early as 2025-11-30. Refrain from using this package or pin to Setuptools<81.
  from pkg_resources import resource_filename
INFO:     Started server process [736350]
INFO:     Waiting for application startup.
2026-04-27 17:15:21 | INFO | rvc-api | Trainer initialized
2026-04-27 17:15:21 | INFO | rvc-api | No trained models found, skipping engine load (train first)
INFO:     Application startup complete.
INFO:     Uvicorn running on http://0.0.0.0:4998 (Press CTRL+C to quit)
INFO:     220.117.27.215:19372 - "GET /train HTTP/1.1" 200 OK
INFO:     220.117.27.215:62633 - "POST /train HTTP/1.1" 200 OK
2026-04-27 17:28:21 | INFO | rvc-trainer | Running: /home/pps-nipa/anaconda3/envs/rvc/bin/python infer/modules/train/preprocess.py /home/pps-nipa/NIQ/fish/side/idol/Retrieval-based-Voice-Conversion-WebUI/data/ 48000 4 /home/pps-nipa/NIQ/fish/side/idol/Retrieval-based-Voice-Conversion-WebUI/logs/composureMAN True 3.7
INFO:     220.117.27.215:62633 - "GET /train HTTP/1.1" 200 OK
INFO:     220.117.27.215:62633 - "GET /train HTTP/1.1" 200 OK
INFO:     220.117.27.215:62633 - "GET /train HTTP/1.1" 200 OK
INFO:     220.117.27.215:62633 - "GET /train HTTP/1.1" 200 OK
INFO:     220.117.27.215:62633 - "GET /train HTTP/1.1" 200 OK
2026-04-27 17:33:28 | INFO | rvc-trainer | Running: /home/pps-nipa/anaconda3/envs/rvc/bin/python infer/modules/train/extract/extract_f0_print.py /home/pps-nipa/NIQ/fish/side/idol/Retrieval-based-Voice-Conversion-WebUI/logs/composureMAN 4 rmvpe
2026-04-27 17:33:28 | INFO | rvc-trainer | Running: /home/pps-nipa/anaconda3/envs/rvc/bin/python infer/modules/train/extract_feature_print.py cuda:0 1 0 0 /home/pps-nipa/NIQ/fish/side/idol/Retrieval-based-Voice-Conversion-WebUI/logs/composureMAN v2 False
2026-04-27 17:33:34 | INFO | rvc-trainer | Filelist written: 5400 entries
2026-04-27 17:33:34 | INFO | rvc-trainer | Config written (fp16 disabled): /home/pps-nipa/NIQ/fish/side/idol/Retrieval-based-Voice-Conversion-WebUI/logs/composureMAN/config.json
2026-04-27 17:33:34 | INFO | rvc-trainer | Running: /home/pps-nipa/anaconda3/envs/rvc/bin/python infer/modules/train/train.py -e composureMAN -sr 48k -f0 1 -bs 8 -te 200 -se 20 -pg assets/pretrained_v2/f0G48k.pth -pd assets/pretrained_v2/f0D48k.pth -l 0 -c 0 -sw 1 -v v2 -g 0
Init 1/3 with method random
Inertia for init 1/3: 3196124.25
Init 2/3 with method random
Inertia for init 2/3: 3202437.5
Init 3/3 with method random
Inertia for init 3/3: 3200684.75
[MiniBatchKMeans] Reassigning 2341 cluster centers.
Minibatch step 1/4040: mean batch inertia: 43.59613545735677
Minibatch step 2/4040: mean batch inertia: 34.024218241373696, ewa inertia: 34.024218241373696
Minibatch step 3/4040: mean batch inertia: 32.12720489501953, ewa inertia: 33.93032755059108
Minibatch step 4/4040: mean batch inertia: 31.06848653157552, ewa inertia: 33.78868372362391
Minibatch step 5/4040: mean batch inertia: 30.61010233561198, ewa inertia: 33.631363163490384
[MiniBatchKMeans] Reassigning 2405 cluster centers.
Minibatch step 6/4040: mean batch inertia: 30.009920756022137, ewa inertia: 33.45212366055271
Minibatch step 7/4040: mean batch inertia: 29.897201538085938, ewa inertia: 33.276176509522756
Minibatch step 8/4040: mean batch inertia: 29.710970560709637, ewa inertia: 33.09972037126749
Minibatch step 9/4040: mean batch inertia: 29.443214416503906, ewa inertia: 32.9187454347425
Minibatch step 10/4040: mean batch inertia: 29.426485697428387, ewa inertia: 32.74589969290367
Minibatch step 11/4040: mean batch inertia: 29.33014424641927, ewa inertia: 32.576840450895034
Minibatch step 12/4040: mean batch inertia: 29.064524332682293, ewa inertia: 32.40300203946809
Minibatch step 13/4040: mean batch inertia: 29.0169677734375, ewa inertia: 32.23541381618953
Minibatch step 14/4040: mean batch inertia: 28.980824788411457, ewa inertia: 32.07433133745057
Minibatch step 15/4040: mean batch inertia: 28.978688557942707, ewa inertia: 31.921115736968474
[MiniBatchKMeans] Reassigning 1323 cluster centers.
Minibatch step 16/4040: mean batch inertia: 28.74029032389323, ewa inertia: 31.763684111162306
Minibatch step 17/4040: mean batch inertia: 28.828104654947918, ewa inertia: 31.61839067739657
Minibatch step 18/4040: mean batch inertia: 28.643287658691406, ewa inertia: 31.471141066257818
Minibatch step 19/4040: mean batch inertia: 28.689829508463543, ewa inertia: 31.333482960717937
Minibatch step 20/4040: mean batch inertia: 28.721351623535156, ewa inertia: 31.20419825318841
[MiniBatchKMeans] Reassigning 1419 cluster centers.
Minibatch step 21/4040: mean batch inertia: 28.5565668741862, ewa inertia: 31.073156508231786
Minibatch step 22/4040: mean batch inertia: 28.65516408284505, ewa inertia: 30.953480503019165
Minibatch step 23/4040: mean batch inertia: 28.498631795247395, ewa inertia: 30.831980334671655
Minibatch step 24/4040: mean batch inertia: 28.528783162434895, ewa inertia: 30.717986000406437
Minibatch step 25/4040: mean batch inertia: 28.407854715983074, ewa inertia: 30.603648469513523
Minibatch step 26/4040: mean batch inertia: 28.599939982096355, ewa inertia: 30.50447701435631
Minibatch step 27/4040: mean batch inertia: 28.34483591715495, ewa inertia: 30.39758783782602
Minibatch step 28/4040: mean batch inertia: 28.327829996744793, ewa inertia: 30.29514733901491
Minibatch step 29/4040: mean batch inertia: 28.29320780436198, ewa inertia: 30.196063436323957
Minibatch step 30/4040: mean batch inertia: 28.247339884440105, ewa inertia: 30.099613403021678
[MiniBatchKMeans] Reassigning 958 cluster centers.
Minibatch step 31/4040: mean batch inertia: 28.299611409505207, ewa inertia: 30.010524187647338
Minibatch step 32/4040: mean batch inertia: 28.196797688802082, ewa inertia: 29.920755692241336
Minibatch step 33/4040: mean batch inertia: 28.19536844889323, ewa inertia: 29.835359455859127
Minibatch step 34/4040: mean batch inertia: 28.274185180664062, ewa inertia: 29.758090768523942
Minibatch step 35/4040: mean batch inertia: 28.38391621907552, ewa inertia: 29.69007743696169
[MiniBatchKMeans] Reassigning 1129 cluster centers.
Minibatch step 36/4040: mean batch inertia: 28.10425313313802, ewa inertia: 29.611588722250207
Minibatch step 37/4040: mean batch inertia: 28.07506052652995, ewa inertia: 29.535539866832085
Minibatch step 38/4040: mean batch inertia: 28.06614939371745, ewa inertia: 29.46281392274989
Minibatch step 39/4040: mean batch inertia: 28.12023162841797, ewa inertia: 29.396364216800485
Minibatch step 40/4040: mean batch inertia: 28.03125254313151, ewa inertia: 29.32879944279269
Minibatch step 41/4040: mean batch inertia: 28.190325419108074, ewa inertia: 29.272451862145857
Minibatch step 42/4040: mean batch inertia: 27.95892588297526, ewa inertia: 29.2074402681145
Minibatch step 43/4040: mean batch inertia: 28.004302978515625, ewa inertia: 29.147892246776713
Minibatch step 44/4040: mean batch inertia: 28.03131866455078, ewa inertia: 29.092628605566023
Minibatch step 45/4040: mean batch inertia: 27.97968037923177, ewa inertia: 29.037544397552075
[MiniBatchKMeans] Reassigning 739 cluster centers.
Minibatch step 46/4040: mean batch inertia: 28.059293111165363, ewa inertia: 28.989126873650964
Minibatch step 47/4040: mean batch inertia: 27.971608479817707, ewa inertia: 28.938765865350927
Minibatch step 48/4040: mean batch inertia: 28.040573120117188, ewa inertia: 28.894310755181035
Minibatch step 49/4040: mean batch inertia: 28.007527669270832, ewa inertia: 28.850420354161738
Minibatch step 50/4040: mean batch inertia: 27.88482666015625, ewa inertia: 28.802629304552227
Minibatch step 51/4040: mean batch inertia: 27.822611490885418, ewa inertia: 28.75412434823166
Minibatch step 52/4040: mean batch inertia: 27.839426676432293, ewa inertia: 28.708852343990074
Minibatch step 53/4040: mean batch inertia: 27.954007466634113, ewa inertia: 28.671492086559688
Minibatch step 54/4040: mean batch inertia: 27.826197306315105, ewa inertia: 28.629655105821186
Minibatch step 55/4040: mean batch inertia: 27.88402557373047, ewa inertia: 28.592750952262932
[MiniBatchKMeans] Reassigning 596 cluster centers.
Minibatch step 56/4040: mean batch inertia: 27.962870279947918, ewa inertia: 28.561575667414285
Minibatch step 57/4040: mean batch inertia: 27.885098775227863, ewa inertia: 28.5280941514155
Minibatch step 58/4040: mean batch inertia: 27.824434916178387, ewa inertia: 28.493267273787595
Minibatch step 59/4040: mean batch inertia: 27.77624257405599, ewa inertia: 28.45777888647847
Minibatch step 60/4040: mean batch inertia: 27.78504180908203, ewa inertia: 28.424482468699846
[MiniBatchKMeans] Reassigning 713 cluster centers.
Minibatch step 61/4040: mean batch inertia: 27.818570454915363, ewa inertia: 28.39449348752739
Minibatch step 62/4040: mean batch inertia: 27.785624186197918, ewa inertia: 28.364358138502027
Minibatch step 63/4040: mean batch inertia: 27.692916870117188, ewa inertia: 28.331125855434664
Minibatch step 64/4040: mean batch inertia: 27.7698237101237, ewa inertia: 28.303344793028174
Minibatch step 65/4040: mean batch inertia: 27.817278544108074, ewa inertia: 28.27928745259621
Minibatch step 66/4040: mean batch inertia: 27.824373881022137, ewa inertia: 28.256771981335262
Minibatch step 67/4040: mean batch inertia: 27.955230712890625, ewa inertia: 28.241847511748297
Minibatch step 68/4040: mean batch inertia: 27.707369486490887, ewa inertia: 28.215394081098488
Minibatch step 69/4040: mean batch inertia: 27.574195861816406, ewa inertia: 28.18365864610396
Minibatch step 70/4040: mean batch inertia: 27.867215474446613, ewa inertia: 28.16799662240895
[MiniBatchKMeans] Reassigning 528 cluster centers.
Minibatch step 71/4040: mean batch inertia: 27.78332773844401, ewa inertia: 28.148957838466043
Minibatch step 72/4040: mean batch inertia: 27.745338439941406, ewa inertia: 28.128981118632428
Minibatch step 73/4040: mean batch inertia: 27.759841918945312, ewa inertia: 28.11071096016455
Minibatch step 74/4040: mean batch inertia: 27.67235056559245, ewa inertia: 28.08901477108016
Minibatch step 75/4040: mean batch inertia: 27.6439946492513, ewa inertia: 28.06698896576309
Minibatch step 76/4040: mean batch inertia: 27.730328877766926, ewa inertia: 28.05032632694632
Minibatch step 77/4040: mean batch inertia: 27.629709879557293, ewa inertia: 28.02950835596273
Minibatch step 78/4040: mean batch inertia: 27.708717346191406, ewa inertia: 28.013631140569295
Minibatch step 79/4040: mean batch inertia: 27.619427998860676, ewa inertia: 27.99412046851481
Minibatch step 80/4040: mean batch inertia: 27.665570576985676, ewa inertia: 27.977859235386692
[MiniBatchKMeans] Reassigning 463 cluster centers.
Minibatch step 81/4040: mean batch inertia: 27.656153361002605, ewa inertia: 27.96193673972645
Minibatch step 82/4040: mean batch inertia: 27.587989807128906, ewa inertia: 27.94342862754838
Minibatch step 83/4040: mean batch inertia: 27.70861053466797, ewa inertia: 27.93180655172526
Minibatch step 84/4040: mean batch inertia: 27.652267456054688, ewa inertia: 27.91797105665945
Minibatch step 85/4040: mean batch inertia: 27.62829844156901, ewa inertia: 27.90363401365239
Minibatch step 86/4040: mean batch inertia: 27.771224975585938, ewa inertia: 27.897080566849386
Minibatch step 87/4040: mean batch inertia: 27.600138346354168, ewa inertia: 27.882383722328814
Minibatch step 88/4040: mean batch inertia: 27.688321431477863, ewa inertia: 27.87277881228542
Minibatch step 89/4040: mean batch inertia: 27.605295817057293, ewa inertia: 27.85954002129703
Minibatch step 90/4040: mean batch inertia: 27.596539815266926, ewa inertia: 27.846523101269767
[MiniBatchKMeans] Reassigning 417 cluster centers.
Minibatch step 91/4040: mean batch inertia: 27.538843790690105, ewa inertia: 27.8312948357094
Minibatch step 92/4040: mean batch inertia: 27.59020233154297, ewa inertia: 27.819362214464434
Minibatch step 93/4040: mean batch inertia: 27.718343098958332, ewa inertia: 27.814362379036105
Minibatch step 94/4040: mean batch inertia: 27.53721872965495, ewa inertia: 27.8006454440781
Minibatch step 95/4040: mean batch inertia: 27.661638895670574, ewa inertia: 27.793765460403566
Minibatch step 96/4040: mean batch inertia: 27.448137919108074, ewa inertia: 27.776658986868156
Minibatch step 97/4040: mean batch inertia: 27.69244639078776, ewa inertia: 27.772490972534584
Minibatch step 98/4040: mean batch inertia: 27.50469462076823, ewa inertia: 27.75923667229219
Minibatch step 99/4040: mean batch inertia: 27.59716288248698, ewa inertia: 27.751214999639327
Minibatch step 100/4040: mean batch inertia: 27.66558583577474, ewa inertia: 27.74697687376539
[MiniBatchKMeans] Reassigning 371 cluster centers.
Minibatch step 101/4040: mean batch inertia: 27.489715576171875, ewa inertia: 27.734243995006732
Minibatch step 102/4040: mean batch inertia: 27.49517059326172, ewa inertia: 27.72241130712358
Minibatch step 103/4040: mean batch inertia: 27.51678466796875, ewa inertia: 27.71223403176036
Minibatch step 104/4040: mean batch inertia: 27.604835510253906, ewa inertia: 27.70691845430665
Minibatch step 105/4040: mean batch inertia: 27.612375895182293, ewa inertia: 27.70223916926018
[MiniBatchKMeans] Reassigning 488 cluster centers.
Minibatch step 106/4040: mean batch inertia: 27.49322255452474, ewa inertia: 27.69189411060244
Minibatch step 107/4040: mean batch inertia: 27.62213643391927, ewa inertia: 27.68844152738063
Minibatch step 108/4040: mean batch inertia: 27.659800211588543, ewa inertia: 27.687023955422156
Minibatch step 109/4040: mean batch inertia: 27.666859944661457, ewa inertia: 27.68602595880663
Minibatch step 110/4040: mean batch inertia: 27.56110127766927, ewa inertia: 27.679842942419146
Minibatch step 111/4040: mean batch inertia: 27.464772542317707, ewa inertia: 27.66919825798863
Minibatch step 112/4040: mean batch inertia: 27.521799723307293, ewa inertia: 27.661902921733788
Minibatch step 113/4040: mean batch inertia: 27.53455352783203, ewa inertia: 27.655599896724944
Minibatch step 114/4040: mean batch inertia: 27.433189392089844, ewa inertia: 27.644591921500293
Minibatch step 115/4040: mean batch inertia: 27.46290334065755, ewa inertia: 27.635599435287467
[MiniBatchKMeans] Reassigning 365 cluster centers.
Minibatch step 116/4040: mean batch inertia: 27.343106587727863, ewa inertia: 27.62112280782508
Minibatch step 117/4040: mean batch inertia: 27.50409444173177, ewa inertia: 27.615330611288996
Minibatch step 118/4040: mean batch inertia: 27.51287587483724, ewa inertia: 27.610259721304015
Minibatch step 119/4040: mean batch inertia: 27.488179524739582, ewa inertia: 27.604217489704357
Minibatch step 120/4040: mean batch inertia: 27.390126546223957, ewa inertia: 27.59362128245452
Minibatch step 121/4040: mean batch inertia: 27.46721649169922, ewa inertia: 27.587365009590098
Minibatch step 122/4040: mean batch inertia: 27.447606404622395, ewa inertia: 27.580447803662974
Minibatch step 123/4040: mean batch inertia: 27.47242482503255, ewa inertia: 27.575101319357262
Minibatch step 124/4040: mean batch inertia: 27.49437204996745, ewa inertia: 27.571105708633727
Minibatch step 125/4040: mean batch inertia: 27.3707275390625, ewa inertia: 27.56118820078121
[MiniBatchKMeans] Reassigning 294 cluster centers.
Minibatch step 126/4040: mean batch inertia: 27.437057495117188, ewa inertia: 27.555044481379063
Minibatch step 127/4040: mean batch inertia: 27.47034200032552, ewa inertia: 27.550852220701298
Minibatch step 128/4040: mean batch inertia: 27.442115783691406, ewa inertia: 27.545470424519568
Minibatch step 129/4040: mean batch inertia: 27.355570475260418, ewa inertia: 27.536071525218308
Minibatch step 130/4040: mean batch inertia: 27.435813903808594, ewa inertia: 27.531109379143544
[MiniBatchKMeans] Reassigning 406 cluster centers.
Minibatch step 131/4040: mean batch inertia: 27.321739196777344, ewa inertia: 27.520746821025845
Minibatch step 132/4040: mean batch inertia: 27.43090565999349, ewa inertia: 27.516300226758993
Minibatch step 133/4040: mean batch inertia: 27.391855875651043, ewa inertia: 27.51014098380376
Minibatch step 134/4040: mean batch inertia: 27.3457768758138, ewa inertia: 27.502005954248638
Minibatch step 135/4040: mean batch inertia: 27.41419728597005, ewa inertia: 27.497659956084092
Minibatch step 136/4040: mean batch inertia: 27.4557367960612, ewa inertia: 27.49558501314186
Minibatch step 137/4040: mean batch inertia: 27.413167317708332, ewa inertia: 27.491505835537847
Minibatch step 138/4040: mean batch inertia: 27.41180419921875, ewa inertia: 27.48756108643796
Minibatch step 139/4040: mean batch inertia: 27.387379964192707, ewa inertia: 27.482602726609308
Minibatch step 140/4040: mean batch inertia: 27.29743194580078, ewa inertia: 27.473437892552507
[MiniBatchKMeans] Reassigning 325 cluster centers.
Minibatch step 141/4040: mean batch inertia: 27.373064676920574, ewa inertia: 27.46847002526266
Minibatch step 142/4040: mean batch inertia: 27.425453186035156, ewa inertia: 27.466340951812484
Minibatch step 143/4040: mean batch inertia: 27.38354746500651, ewa inertia: 27.46224317480767
Minibatch step 144/4040: mean batch inertia: 27.289469401041668, ewa inertia: 27.45369191764378
Minibatch step 145/4040: mean batch inertia: 27.31811014811198, ewa inertia: 27.446981439816444
Minibatch step 146/4040: mean batch inertia: 27.40691884358724, ewa inertia: 27.44499858353252
Minibatch step 147/4040: mean batch inertia: 27.424906412760418, ewa inertia: 27.44400414256207
Minibatch step 148/4040: mean batch inertia: 27.406117757161457, ewa inertia: 27.442128995556196
Minibatch step 149/4040: mean batch inertia: 27.411827087402344, ewa inertia: 27.440629234316212
Minibatch step 150/4040: mean batch inertia: 27.437123616536457, ewa inertia: 27.440455727432038
[MiniBatchKMeans] Reassigning 290 cluster centers.
Minibatch step 151/4040: mean batch inertia: 27.49534861246745, ewa inertia: 27.443172593343885
Minibatch step 152/4040: mean batch inertia: 27.377115885416668, ewa inertia: 27.439903185698423
Minibatch step 153/4040: mean batch inertia: 27.506248474121094, ewa inertia: 27.44318687633357
Minibatch step 154/4040: mean batch inertia: 27.376492818196613, ewa inertia: 27.439885923706324
Minibatch step 155/4040: mean batch inertia: 27.43170674641927, ewa inertia: 27.43948110388416
[MiniBatchKMeans] Reassigning 372 cluster centers.
Minibatch step 156/4040: mean batch inertia: 27.420247395833332, ewa inertia: 27.438529151627908
Minibatch step 157/4040: mean batch inertia: 27.47205098470052, ewa inertia: 27.440188279682822
Minibatch step 158/4040: mean batch inertia: 27.448618570963543, ewa inertia: 27.440605528129367
Minibatch step 159/4040: mean batch inertia: 27.338414510091145, ewa inertia: 27.43554769061134
2026-04-27 17:42:38 | INFO | rvc-trainer | Running: /home/pps-nipa/anaconda3/envs/rvc/bin/python infer/modules/train/preprocess.py /home/pps-nipa/NIQ/fish/side/idol/Retrieval-based-Voice-Conversion-WebUI/data 48000 4 /home/pps-nipa/NIQ/fish/side/idol/Retrieval-based-Voice-Conversion-WebUI/logs/composureMAN True 3.7
Minibatch step 160/4040: mean batch inertia: 27.42595672607422, ewa inertia: 27.43507299585635
Minibatch step 161/4040: mean batch inertia: 27.3649419148763, ewa inertia: 27.431601931379546
Minibatch step 162/4040: mean batch inertia: 27.37261454264323, ewa inertia: 27.428682412290996
Minibatch step 163/4040: mean batch inertia: 27.43055470784505, ewa inertia: 27.42877507960051
Minibatch step 164/4040: mean batch inertia: 27.38001251220703, ewa inertia: 27.42636162734636
Minibatch step 165/4040: mean batch inertia: 27.446250915527344, ewa inertia: 27.42734602685524
[MiniBatchKMeans] Reassigning 284 cluster centers.
Minibatch step 166/4040: mean batch inertia: 27.23229471842448, ewa inertia: 27.417692166421514
Minibatch step 167/4040: mean batch inertia: 27.37323252360026, ewa inertia: 27.415491682917033
Minibatch step 168/4040: mean batch inertia: 27.32219696044922, ewa inertia: 27.410874158240304
Minibatch step 169/4040: mean batch inertia: 27.521258036295574, ewa inertia: 27.416337492792902
Minibatch step 170/4040: mean batch inertia: 27.27349090576172, ewa inertia: 27.40926745042442
Minibatch step 171/4040: mean batch inertia: 27.277659098307293, ewa inertia: 27.40275363273474
Minibatch step 172/4040: mean batch inertia: 27.340382893880207, ewa inertia: 27.399666658272
Minibatch step 173/4040: mean batch inertia: 27.25549825032552, ewa inertia: 27.392531193760306
Minibatch step 174/4040: mean batch inertia: 27.360140482584637, ewa inertia: 27.390928049400216
Minibatch step 175/4040: mean batch inertia: 27.340741475423176, ewa inertia: 27.388444117430115
[MiniBatchKMeans] Reassigning 249 cluster centers.
Minibatch step 176/4040: mean batch inertia: 27.490198771158855, ewa inertia: 27.3934803575532
Minibatch step 177/4040: mean batch inertia: 27.1773198445638, ewa inertia: 27.382781719125852
Minibatch step 178/4040: mean batch inertia: 27.20886993408203, ewa inertia: 27.374174137284438
Minibatch step 179/4040: mean batch inertia: 27.27257537841797, ewa inertia: 27.369145613014453
Minibatch step 180/4040: mean batch inertia: 27.381500244140625, ewa inertia: 27.36975709255572
[MiniBatchKMeans] Reassigning 307 cluster centers.
Minibatch step 181/4040: mean batch inertia: 27.36871846516927, ewa inertia: 27.369705686779916
Minibatch step 182/4040: mean batch inertia: 27.400416056315105, ewa inertia: 27.37122566438861
Minibatch step 183/4040: mean batch inertia: 27.349400838216145, ewa inertia: 27.370145467451948
Minibatch step 184/4040: mean batch inertia: 27.280598958333332, ewa inertia: 27.36571345667328
Minibatch step 185/4040: mean batch inertia: 27.45141092936198, ewa inertia: 27.369954963420994
Minibatch step 186/4040: mean batch inertia: 27.32184600830078, ewa inertia: 27.367573861022453
Minibatch step 187/4040: mean batch inertia: 27.260419209798176, ewa inertia: 27.362270353673203
Minibatch step 188/4040: mean batch inertia: 27.321584065755207, ewa inertia: 27.3602566284217
Minibatch step 189/4040: mean batch inertia: 27.24175516764323, ewa inertia: 27.354391522605432
Minibatch step 190/4040: mean batch inertia: 27.17902374267578, ewa inertia: 27.345711877820513
[MiniBatchKMeans] Reassigning 239 cluster centers.
Minibatch step 191/4040: mean batch inertia: 27.18432362874349, ewa inertia: 27.337724135288727
Minibatch step 192/4040: mean batch inertia: 27.358258565266926, ewa inertia: 27.338740465415867
Minibatch step 193/4040: mean batch inertia: 27.3309326171875, ewa inertia: 27.33835402413695
Minibatch step 194/4040: mean batch inertia: 27.28624979654948, ewa inertia: 27.33577517990779
Minibatch step 195/4040: mean batch inertia: 27.33264668782552, ewa inertia: 27.33562033846544
Minibatch step 196/4040: mean batch inertia: 27.267247517903645, ewa inertia: 27.332236297248418
Minibatch step 197/4040: mean batch inertia: 27.166592915852863, ewa inertia: 27.324037951394562
Minibatch step 198/4040: mean batch inertia: 27.164169311523438, ewa inertia: 27.316125420330497
Minibatch step 199/4040: mean batch inertia: 27.307225545247395, ewa inertia: 27.315684930324966
Minibatch step 200/4040: mean batch inertia: 27.295387268066406, ewa inertia: 27.31468031876839
[MiniBatchKMeans] Reassigning 225 cluster centers.
Minibatch step 201/4040: mean batch inertia: 27.38941192626953, ewa inertia: 27.31837908149194
Minibatch step 202/4040: mean batch inertia: 27.379857381184895, ewa inertia: 27.321421885612114
Minibatch step 203/4040: mean batch inertia: 27.26158905029297, ewa inertia: 27.318460522029515
Minibatch step 204/4040: mean batch inertia: 27.157460530598957, ewa inertia: 27.310491995903718
Minibatch step 205/4040: mean batch inertia: 27.41008758544922, ewa inertia: 27.31542137540403
Minibatch step 206/4040: mean batch inertia: 27.41491444905599, ewa inertia: 27.320345680987447
Minibatch step 207/4040: mean batch inertia: 27.38233693440755, ewa inertia: 27.323413873215657
Minibatch step 208/4040: mean batch inertia: 27.31920878092448, ewa inertia: 27.323205746572384
Minibatch step 209/4040: mean batch inertia: 27.28283437093099, ewa inertia: 27.32120760757452
Minibatch step 210/4040: mean batch inertia: 27.249773661295574, ewa inertia: 27.317672059142904
[MiniBatchKMeans] Reassigning 193 cluster centers.
Minibatch step 211/4040: mean batch inertia: 27.38831837972005, ewa inertia: 27.321168624864484
Minibatch step 212/4040: mean batch inertia: 27.350758870442707, ewa inertia: 27.322633163109884
Minibatch step 213/4040: mean batch inertia: 27.29846445719401, ewa inertia: 27.32143695829766
Minibatch step 214/4040: mean batch inertia: 27.182057698567707, ewa inertia: 27.31453852766618
Converged (lack of improvement in inertia) at step 214/4040
INFO:     127.0.0.1:51946 - "POST /train HTTP/1.1" 200 OK
INFO:     Shutting down
INFO:     Waiting for application shutdown.
2026-04-27 17:42:38 | INFO | rvc-api | Shutting down
INFO:     Application shutdown complete.
INFO:     Finished server process [736350]
/home/pps-nipa/anaconda3/envs/rvc/lib/python3.10/site-packages/librosa/util/files.py:10: UserWarning: pkg_resources is deprecated as an API. See https://setuptools.pypa.io/en/latest/pkg_resources.html. The pkg_resources package is slated for removal as early as 2025-11-30. Refrain from using this package or pin to Setuptools<81.
  from pkg_resources import resource_filename
INFO:     Started server process [846717]
INFO:     Waiting for application startup.
2026-04-27 17:42:42 | INFO | rvc-api | Trainer initialized
2026-04-27 17:42:42 | INFO | rvc-api | No trained models found, skipping engine load (train first)
INFO:     Application startup complete.
INFO:     Uvicorn running on http://0.0.0.0:4998 (Press CTRL+C to quit)
